19:45:45  [INFO ] : chrome浏览器启动
19:46:03  [INFO ] : chrome浏览器启动
19:46:06  [INFO ] : 访问http://112.74.191.10:8000/Admin/Admin/login
19:46:08  [INFO ] : 进入iframe成功！
19:46:16  [INFO ] : chrome浏览器启动
19:46:18  [INFO ] : 访问http://112.74.191.10:8000/
19:46:19  [INFO ] : 访问http://112.74.191.10:8000/Home/Index/index.html
22:02:46  [INFO ] : chrome浏览器启动
22:02:48  [INFO ] : 访问http://112.74.191.10:8000/Admin/Admin/login
22:02:51  [INFO ] : 进入iframe成功！
22:03:04  [INFO ] : chrome浏览器启动
22:03:06  [INFO ] : 访问http://112.74.191.10:8000/
22:03:08  [INFO ] : 访问http://112.74.191.10:8000/Home/Index/index.html
16:22:53  [INFO ] : chrome浏览器启动
16:22:53  [ERROR] : java.lang.NullPointerException
java.lang.NullPointerException: null
	at com.testing.UI.DataDrivenOfWeb.visitWeb(DataDrivenOfWeb.java:103) [classes/:?]
	at sun.reflect.NativeMethodAccessorImpl.invoke0(Native Method) ~[?:1.8.0_171]
	at sun.reflect.NativeMethodAccessorImpl.invoke(NativeMethodAccessorImpl.java:62) ~[?:1.8.0_171]
	at sun.reflect.DelegatingMethodAccessorImpl.invoke(DelegatingMethodAccessorImpl.java:43) ~[?:1.8.0_171]
	at java.lang.reflect.Method.invoke(Method.java:498) ~[?:1.8.0_171]
	at com.testing.allureTest.dataDriven.runUIWithInvoke(dataDriven.java:65) [test-classes/:?]
	at com.testing.allureTest.dataDriven.f(dataDriven.java:30) [test-classes/:?]
	at sun.reflect.NativeMethodAccessorImpl.invoke0(Native Method) ~[?:1.8.0_171]
	at sun.reflect.NativeMethodAccessorImpl.invoke(NativeMethodAccessorImpl.java:62) ~[?:1.8.0_171]
	at sun.reflect.DelegatingMethodAccessorImpl.invoke(DelegatingMethodAccessorImpl.java:43) ~[?:1.8.0_171]
	at java.lang.reflect.Method.invoke(Method.java:498) ~[?:1.8.0_171]
	at org.testng.internal.MethodInvocationHelper.invokeMethod(MethodInvocationHelper.java:104) [testng-6.10.jar:?]
	at org.testng.internal.Invoker.invokeMethod(Invoker.java:645) [testng-6.10.jar:?]
	at org.testng.internal.Invoker.invokeTestMethod(Invoker.java:851) [testng-6.10.jar:?]
	at org.testng.internal.Invoker.invokeTestMethods(Invoker.java:1177) [testng-6.10.jar:?]
	at org.testng.internal.TestMethodWorker.invokeTestMethods(TestMethodWorker.java:129) [testng-6.10.jar:?]
	at org.testng.internal.TestMethodWorker.run(TestMethodWorker.java:112) [testng-6.10.jar:?]
	at org.testng.TestRunner.privateRun(TestRunner.java:756) [testng-6.10.jar:?]
	at org.testng.TestRunner.run(TestRunner.java:610) [testng-6.10.jar:?]
	at org.testng.SuiteRunner.runTest(SuiteRunner.java:387) [testng-6.10.jar:?]
	at org.testng.SuiteRunner.runSequentially(SuiteRunner.java:382) [testng-6.10.jar:?]
	at org.testng.SuiteRunner.privateRun(SuiteRunner.java:340) [testng-6.10.jar:?]
	at org.testng.SuiteRunner.run(SuiteRunner.java:289) [testng-6.10.jar:?]
	at org.testng.SuiteRunnerWorker.runSuite(SuiteRunnerWorker.java:52) [testng-6.10.jar:?]
	at org.testng.SuiteRunnerWorker.run(SuiteRunnerWorker.java:86) [testng-6.10.jar:?]
	at org.testng.TestNG.runSuitesSequentially(TestNG.java:1293) [testng-6.10.jar:?]
	at org.testng.TestNG.runSuitesLocally(TestNG.java:1218) [testng-6.10.jar:?]
	at org.testng.TestNG.runSuites(TestNG.java:1133) [testng-6.10.jar:?]
	at org.testng.TestNG.run(TestNG.java:1104) [testng-6.10.jar:?]
	at org.apache.maven.surefire.testng.TestNGExecutor.run(TestNGExecutor.java:295) [surefire-testng-2.18.1.jar:2.18.1]
	at org.apache.maven.surefire.testng.TestNGXmlTestSuite.execute(TestNGXmlTestSuite.java:84) [surefire-testng-2.18.1.jar:2.18.1]
	at org.apache.maven.surefire.testng.TestNGProvider.invoke(TestNGProvider.java:90) [surefire-testng-2.18.1.jar:2.18.1]
	at org.apache.maven.surefire.booter.ForkedBooter.invokeProviderInSameClassLoader(ForkedBooter.java:203) [surefire-booter-2.18.1.jar:2.18.1]
	at org.apache.maven.surefire.booter.ForkedBooter.runSuitesInProcess(ForkedBooter.java:155) [surefire-booter-2.18.1.jar:2.18.1]
	at org.apache.maven.surefire.booter.ForkedBooter.main(ForkedBooter.java:103) [surefire-booter-2.18.1.jar:2.18.1]
16:22:53  [ERROR] : java.lang.NullPointerException
java.lang.NullPointerException: null
	at com.testing.UI.DataDrivenOfWeb.explicitlyWait(DataDrivenOfWeb.java:172) [classes/:?]
	at com.testing.UI.DataDrivenOfWeb.input(DataDrivenOfWeb.java:114) [classes/:?]
	at sun.reflect.NativeMethodAccessorImpl.invoke0(Native Method) ~[?:1.8.0_171]
	at sun.reflect.NativeMethodAccessorImpl.invoke(NativeMethodAccessorImpl.java:62) ~[?:1.8.0_171]
	at sun.reflect.DelegatingMethodAccessorImpl.invoke(DelegatingMethodAccessorImpl.java:43) ~[?:1.8.0_171]
	at java.lang.reflect.Method.invoke(Method.java:498) ~[?:1.8.0_171]
	at com.testing.allureTest.dataDriven.runUIWithInvoke(dataDriven.java:72) [test-classes/:?]
	at com.testing.allureTest.dataDriven.f(dataDriven.java:30) [test-classes/:?]
	at sun.reflect.NativeMethodAccessorImpl.invoke0(Native Method) ~[?:1.8.0_171]
	at sun.reflect.NativeMethodAccessorImpl.invoke(NativeMethodAccessorImpl.java:62) ~[?:1.8.0_171]
	at sun.reflect.DelegatingMethodAccessorImpl.invoke(DelegatingMethodAccessorImpl.java:43) ~[?:1.8.0_171]
	at java.lang.reflect.Method.invoke(Method.java:498) ~[?:1.8.0_171]
	at org.testng.internal.MethodInvocationHelper.invokeMethod(MethodInvocationHelper.java:104) [testng-6.10.jar:?]
	at org.testng.internal.Invoker.invokeMethod(Invoker.java:645) [testng-6.10.jar:?]
	at org.testng.internal.Invoker.invokeTestMethod(Invoker.java:851) [testng-6.10.jar:?]
	at org.testng.internal.Invoker.invokeTestMethods(Invoker.java:1177) [testng-6.10.jar:?]
	at org.testng.internal.TestMethodWorker.invokeTestMethods(TestMethodWorker.java:129) [testng-6.10.jar:?]
	at org.testng.internal.TestMethodWorker.run(TestMethodWorker.java:112) [testng-6.10.jar:?]
	at org.testng.TestRunner.privateRun(TestRunner.java:756) [testng-6.10.jar:?]
	at org.testng.TestRunner.run(TestRunner.java:610) [testng-6.10.jar:?]
	at org.testng.SuiteRunner.runTest(SuiteRunner.java:387) [testng-6.10.jar:?]
	at org.testng.SuiteRunner.runSequentially(SuiteRunner.java:382) [testng-6.10.jar:?]
	at org.testng.SuiteRunner.privateRun(SuiteRunner.java:340) [testng-6.10.jar:?]
	at org.testng.SuiteRunner.run(SuiteRunner.java:289) [testng-6.10.jar:?]
	at org.testng.SuiteRunnerWorker.runSuite(SuiteRunnerWorker.java:52) [testng-6.10.jar:?]
	at org.testng.SuiteRunnerWorker.run(SuiteRunnerWorker.java:86) [testng-6.10.jar:?]
	at org.testng.TestNG.runSuitesSequentially(TestNG.java:1293) [testng-6.10.jar:?]
	at org.testng.TestNG.runSuitesLocally(TestNG.java:1218) [testng-6.10.jar:?]
	at org.testng.TestNG.runSuites(TestNG.java:1133) [testng-6.10.jar:?]
	at org.testng.TestNG.run(TestNG.java:1104) [testng-6.10.jar:?]
	at org.apache.maven.surefire.testng.TestNGExecutor.run(TestNGExecutor.java:295) [surefire-testng-2.18.1.jar:2.18.1]
	at org.apache.maven.surefire.testng.TestNGXmlTestSuite.execute(TestNGXmlTestSuite.java:84) [surefire-testng-2.18.1.jar:2.18.1]
	at org.apache.maven.surefire.testng.TestNGProvider.invoke(TestNGProvider.java:90) [surefire-testng-2.18.1.jar:2.18.1]
	at org.apache.maven.surefire.booter.ForkedBooter.invokeProviderInSameClassLoader(ForkedBooter.java:203) [surefire-booter-2.18.1.jar:2.18.1]
	at org.apache.maven.surefire.booter.ForkedBooter.runSuitesInProcess(ForkedBooter.java:155) [surefire-booter-2.18.1.jar:2.18.1]
	at org.apache.maven.surefire.booter.ForkedBooter.main(ForkedBooter.java:103) [surefire-booter-2.18.1.jar:2.18.1]
16:22:53  [ERROR] : java.lang.NullPointerException
java.lang.NullPointerException: null
	at com.testing.UI.DataDrivenOfWeb.input(DataDrivenOfWeb.java:120) [classes/:?]
	at sun.reflect.NativeMethodAccessorImpl.invoke0(Native Method) ~[?:1.8.0_171]
	at sun.reflect.NativeMethodAccessorImpl.invoke(NativeMethodAccessorImpl.java:62) ~[?:1.8.0_171]
	at sun.reflect.DelegatingMethodAccessorImpl.invoke(DelegatingMethodAccessorImpl.java:43) ~[?:1.8.0_171]
	at java.lang.reflect.Method.invoke(Method.java:498) ~[?:1.8.0_171]
	at com.testing.allureTest.dataDriven.runUIWithInvoke(dataDriven.java:72) [test-classes/:?]
	at com.testing.allureTest.dataDriven.f(dataDriven.java:30) [test-classes/:?]
	at sun.reflect.NativeMethodAccessorImpl.invoke0(Native Method) ~[?:1.8.0_171]
	at sun.reflect.NativeMethodAccessorImpl.invoke(NativeMethodAccessorImpl.java:62) ~[?:1.8.0_171]
	at sun.reflect.DelegatingMethodAccessorImpl.invoke(DelegatingMethodAccessorImpl.java:43) ~[?:1.8.0_171]
	at java.lang.reflect.Method.invoke(Method.java:498) ~[?:1.8.0_171]
	at org.testng.internal.MethodInvocationHelper.invokeMethod(MethodInvocationHelper.java:104) [testng-6.10.jar:?]
	at org.testng.internal.Invoker.invokeMethod(Invoker.java:645) [testng-6.10.jar:?]
	at org.testng.internal.Invoker.invokeTestMethod(Invoker.java:851) [testng-6.10.jar:?]
	at org.testng.internal.Invoker.invokeTestMethods(Invoker.java:1177) [testng-6.10.jar:?]
	at org.testng.internal.TestMethodWorker.invokeTestMethods(TestMethodWorker.java:129) [testng-6.10.jar:?]
	at org.testng.internal.TestMethodWorker.run(TestMethodWorker.java:112) [testng-6.10.jar:?]
	at org.testng.TestRunner.privateRun(TestRunner.java:756) [testng-6.10.jar:?]
	at org.testng.TestRunner.run(TestRunner.java:610) [testng-6.10.jar:?]
	at org.testng.SuiteRunner.runTest(SuiteRunner.java:387) [testng-6.10.jar:?]
	at org.testng.SuiteRunner.runSequentially(SuiteRunner.java:382) [testng-6.10.jar:?]
	at org.testng.SuiteRunner.privateRun(SuiteRunner.java:340) [testng-6.10.jar:?]
	at org.testng.SuiteRunner.run(SuiteRunner.java:289) [testng-6.10.jar:?]
	at org.testng.SuiteRunnerWorker.runSuite(SuiteRunnerWorker.java:52) [testng-6.10.jar:?]
	at org.testng.SuiteRunnerWorker.run(SuiteRunnerWorker.java:86) [testng-6.10.jar:?]
	at org.testng.TestNG.runSuitesSequentially(TestNG.java:1293) [testng-6.10.jar:?]
	at org.testng.TestNG.runSuitesLocally(TestNG.java:1218) [testng-6.10.jar:?]
	at org.testng.TestNG.runSuites(TestNG.java:1133) [testng-6.10.jar:?]
	at org.testng.TestNG.run(TestNG.java:1104) [testng-6.10.jar:?]
	at org.apache.maven.surefire.testng.TestNGExecutor.run(TestNGExecutor.java:295) [surefire-testng-2.18.1.jar:2.18.1]
	at org.apache.maven.surefire.testng.TestNGXmlTestSuite.execute(TestNGXmlTestSuite.java:84) [surefire-testng-2.18.1.jar:2.18.1]
	at org.apache.maven.surefire.testng.TestNGProvider.invoke(TestNGProvider.java:90) [surefire-testng-2.18.1.jar:2.18.1]
	at org.apache.maven.surefire.booter.ForkedBooter.invokeProviderInSameClassLoader(ForkedBooter.java:203) [surefire-booter-2.18.1.jar:2.18.1]
	at org.apache.maven.surefire.booter.ForkedBooter.runSuitesInProcess(ForkedBooter.java:155) [surefire-booter-2.18.1.jar:2.18.1]
	at org.apache.maven.surefire.booter.ForkedBooter.main(ForkedBooter.java:103) [surefire-booter-2.18.1.jar:2.18.1]
16:22:53  [ERROR] : java.lang.NullPointerException
java.lang.NullPointerException: null
	at com.testing.UI.DataDrivenOfWeb.explicitlyWait(DataDrivenOfWeb.java:172) [classes/:?]
	at com.testing.UI.DataDrivenOfWeb.input(DataDrivenOfWeb.java:114) [classes/:?]
	at sun.reflect.NativeMethodAccessorImpl.invoke0(Native Method) ~[?:1.8.0_171]
	at sun.reflect.NativeMethodAccessorImpl.invoke(NativeMethodAccessorImpl.java:62) ~[?:1.8.0_171]
	at sun.reflect.DelegatingMethodAccessorImpl.invoke(DelegatingMethodAccessorImpl.java:43) ~[?:1.8.0_171]
	at java.lang.reflect.Method.invoke(Method.java:498) ~[?:1.8.0_171]
	at com.testing.allureTest.dataDriven.runUIWithInvoke(dataDriven.java:72) [test-classes/:?]
	at com.testing.allureTest.dataDriven.f(dataDriven.java:30) [test-classes/:?]
	at sun.reflect.NativeMethodAccessorImpl.invoke0(Native Method) ~[?:1.8.0_171]
	at sun.reflect.NativeMethodAccessorImpl.invoke(NativeMethodAccessorImpl.java:62) ~[?:1.8.0_171]
	at sun.reflect.DelegatingMethodAccessorImpl.invoke(DelegatingMethodAccessorImpl.java:43) ~[?:1.8.0_171]
	at java.lang.reflect.Method.invoke(Method.java:498) ~[?:1.8.0_171]
	at org.testng.internal.MethodInvocationHelper.invokeMethod(MethodInvocationHelper.java:104) [testng-6.10.jar:?]
	at org.testng.internal.Invoker.invokeMethod(Invoker.java:645) [testng-6.10.jar:?]
	at org.testng.internal.Invoker.invokeTestMethod(Invoker.java:851) [testng-6.10.jar:?]
	at org.testng.internal.Invoker.invokeTestMethods(Invoker.java:1177) [testng-6.10.jar:?]
	at org.testng.internal.TestMethodWorker.invokeTestMethods(TestMethodWorker.java:129) [testng-6.10.jar:?]
	at org.testng.internal.TestMethodWorker.run(TestMethodWorker.java:112) [testng-6.10.jar:?]
	at org.testng.TestRunner.privateRun(TestRunner.java:756) [testng-6.10.jar:?]
	at org.testng.TestRunner.run(TestRunner.java:610) [testng-6.10.jar:?]
	at org.testng.SuiteRunner.runTest(SuiteRunner.java:387) [testng-6.10.jar:?]
	at org.testng.SuiteRunner.runSequentially(SuiteRunner.java:382) [testng-6.10.jar:?]
	at org.testng.SuiteRunner.privateRun(SuiteRunner.java:340) [testng-6.10.jar:?]
	at org.testng.SuiteRunner.run(SuiteRunner.java:289) [testng-6.10.jar:?]
	at org.testng.SuiteRunnerWorker.runSuite(SuiteRunnerWorker.java:52) [testng-6.10.jar:?]
	at org.testng.SuiteRunnerWorker.run(SuiteRunnerWorker.java:86) [testng-6.10.jar:?]
	at org.testng.TestNG.runSuitesSequentially(TestNG.java:1293) [testng-6.10.jar:?]
	at org.testng.TestNG.runSuitesLocally(TestNG.java:1218) [testng-6.10.jar:?]
	at org.testng.TestNG.runSuites(TestNG.java:1133) [testng-6.10.jar:?]
	at org.testng.TestNG.run(TestNG.java:1104) [testng-6.10.jar:?]
	at org.apache.maven.surefire.testng.TestNGExecutor.run(TestNGExecutor.java:295) [surefire-testng-2.18.1.jar:2.18.1]
	at org.apache.maven.surefire.testng.TestNGXmlTestSuite.execute(TestNGXmlTestSuite.java:84) [surefire-testng-2.18.1.jar:2.18.1]
	at org.apache.maven.surefire.testng.TestNGProvider.invoke(TestNGProvider.java:90) [surefire-testng-2.18.1.jar:2.18.1]
	at org.apache.maven.surefire.booter.ForkedBooter.invokeProviderInSameClassLoader(ForkedBooter.java:203) [surefire-booter-2.18.1.jar:2.18.1]
	at org.apache.maven.surefire.booter.ForkedBooter.runSuitesInProcess(ForkedBooter.java:155) [surefire-booter-2.18.1.jar:2.18.1]
	at org.apache.maven.surefire.booter.ForkedBooter.main(ForkedBooter.java:103) [surefire-booter-2.18.1.jar:2.18.1]
16:22:53  [ERROR] : java.lang.NullPointerException
java.lang.NullPointerException: null
	at com.testing.UI.DataDrivenOfWeb.input(DataDrivenOfWeb.java:120) [classes/:?]
	at sun.reflect.NativeMethodAccessorImpl.invoke0(Native Method) ~[?:1.8.0_171]
	at sun.reflect.NativeMethodAccessorImpl.invoke(NativeMethodAccessorImpl.java:62) ~[?:1.8.0_171]
	at sun.reflect.DelegatingMethodAccessorImpl.invoke(DelegatingMethodAccessorImpl.java:43) ~[?:1.8.0_171]
	at java.lang.reflect.Method.invoke(Method.java:498) ~[?:1.8.0_171]
	at com.testing.allureTest.dataDriven.runUIWithInvoke(dataDriven.java:72) [test-classes/:?]
	at com.testing.allureTest.dataDriven.f(dataDriven.java:30) [test-classes/:?]
	at sun.reflect.NativeMethodAccessorImpl.invoke0(Native Method) ~[?:1.8.0_171]
	at sun.reflect.NativeMethodAccessorImpl.invoke(NativeMethodAccessorImpl.java:62) ~[?:1.8.0_171]
	at sun.reflect.DelegatingMethodAccessorImpl.invoke(DelegatingMethodAccessorImpl.java:43) ~[?:1.8.0_171]
	at java.lang.reflect.Method.invoke(Method.java:498) ~[?:1.8.0_171]
	at org.testng.internal.MethodInvocationHelper.invokeMethod(MethodInvocationHelper.java:104) [testng-6.10.jar:?]
	at org.testng.internal.Invoker.invokeMethod(Invoker.java:645) [testng-6.10.jar:?]
	at org.testng.internal.Invoker.invokeTestMethod(Invoker.java:851) [testng-6.10.jar:?]
	at org.testng.internal.Invoker.invokeTestMethods(Invoker.java:1177) [testng-6.10.jar:?]
	at org.testng.internal.TestMethodWorker.invokeTestMethods(TestMethodWorker.java:129) [testng-6.10.jar:?]
	at org.testng.internal.TestMethodWorker.run(TestMethodWorker.java:112) [testng-6.10.jar:?]
	at org.testng.TestRunner.privateRun(TestRunner.java:756) [testng-6.10.jar:?]
	at org.testng.TestRunner.run(TestRunner.java:610) [testng-6.10.jar:?]
	at org.testng.SuiteRunner.runTest(SuiteRunner.java:387) [testng-6.10.jar:?]
	at org.testng.SuiteRunner.runSequentially(SuiteRunner.java:382) [testng-6.10.jar:?]
	at org.testng.SuiteRunner.privateRun(SuiteRunner.java:340) [testng-6.10.jar:?]
	at org.testng.SuiteRunner.run(SuiteRunner.java:289) [testng-6.10.jar:?]
	at org.testng.SuiteRunnerWorker.runSuite(SuiteRunnerWorker.java:52) [testng-6.10.jar:?]
	at org.testng.SuiteRunnerWorker.run(SuiteRunnerWorker.java:86) [testng-6.10.jar:?]
	at org.testng.TestNG.runSuitesSequentially(TestNG.java:1293) [testng-6.10.jar:?]
	at org.testng.TestNG.runSuitesLocally(TestNG.java:1218) [testng-6.10.jar:?]
	at org.testng.TestNG.runSuites(TestNG.java:1133) [testng-6.10.jar:?]
	at org.testng.TestNG.run(TestNG.java:1104) [testng-6.10.jar:?]
	at org.apache.maven.surefire.testng.TestNGExecutor.run(TestNGExecutor.java:295) [surefire-testng-2.18.1.jar:2.18.1]
	at org.apache.maven.surefire.testng.TestNGXmlTestSuite.execute(TestNGXmlTestSuite.java:84) [surefire-testng-2.18.1.jar:2.18.1]
	at org.apache.maven.surefire.testng.TestNGProvider.invoke(TestNGProvider.java:90) [surefire-testng-2.18.1.jar:2.18.1]
	at org.apache.maven.surefire.booter.ForkedBooter.invokeProviderInSameClassLoader(ForkedBooter.java:203) [surefire-booter-2.18.1.jar:2.18.1]
	at org.apache.maven.surefire.booter.ForkedBooter.runSuitesInProcess(ForkedBooter.java:155) [surefire-booter-2.18.1.jar:2.18.1]
	at org.apache.maven.surefire.booter.ForkedBooter.main(ForkedBooter.java:103) [surefire-booter-2.18.1.jar:2.18.1]
16:22:53  [ERROR] : java.lang.NullPointerException
java.lang.NullPointerException: null
	at com.testing.UI.DataDrivenOfWeb.explicitlyWait(DataDrivenOfWeb.java:172) [classes/:?]
	at com.testing.UI.DataDrivenOfWeb.input(DataDrivenOfWeb.java:114) [classes/:?]
	at sun.reflect.NativeMethodAccessorImpl.invoke0(Native Method) ~[?:1.8.0_171]
	at sun.reflect.NativeMethodAccessorImpl.invoke(NativeMethodAccessorImpl.java:62) ~[?:1.8.0_171]
	at sun.reflect.DelegatingMethodAccessorImpl.invoke(DelegatingMethodAccessorImpl.java:43) ~[?:1.8.0_171]
	at java.lang.reflect.Method.invoke(Method.java:498) ~[?:1.8.0_171]
	at com.testing.allureTest.dataDriven.runUIWithInvoke(dataDriven.java:72) [test-classes/:?]
	at com.testing.allureTest.dataDriven.f(dataDriven.java:30) [test-classes/:?]
	at sun.reflect.NativeMethodAccessorImpl.invoke0(Native Method) ~[?:1.8.0_171]
	at sun.reflect.NativeMethodAccessorImpl.invoke(NativeMethodAccessorImpl.java:62) ~[?:1.8.0_171]
	at sun.reflect.DelegatingMethodAccessorImpl.invoke(DelegatingMethodAccessorImpl.java:43) ~[?:1.8.0_171]
	at java.lang.reflect.Method.invoke(Method.java:498) ~[?:1.8.0_171]
	at org.testng.internal.MethodInvocationHelper.invokeMethod(MethodInvocationHelper.java:104) [testng-6.10.jar:?]
	at org.testng.internal.Invoker.invokeMethod(Invoker.java:645) [testng-6.10.jar:?]
	at org.testng.internal.Invoker.invokeTestMethod(Invoker.java:851) [testng-6.10.jar:?]
	at org.testng.internal.Invoker.invokeTestMethods(Invoker.java:1177) [testng-6.10.jar:?]
	at org.testng.internal.TestMethodWorker.invokeTestMethods(TestMethodWorker.java:129) [testng-6.10.jar:?]
	at org.testng.internal.TestMethodWorker.run(TestMethodWorker.java:112) [testng-6.10.jar:?]
	at org.testng.TestRunner.privateRun(TestRunner.java:756) [testng-6.10.jar:?]
	at org.testng.TestRunner.run(TestRunner.java:610) [testng-6.10.jar:?]
	at org.testng.SuiteRunner.runTest(SuiteRunner.java:387) [testng-6.10.jar:?]
	at org.testng.SuiteRunner.runSequentially(SuiteRunner.java:382) [testng-6.10.jar:?]
	at org.testng.SuiteRunner.privateRun(SuiteRunner.java:340) [testng-6.10.jar:?]
	at org.testng.SuiteRunner.run(SuiteRunner.java:289) [testng-6.10.jar:?]
	at org.testng.SuiteRunnerWorker.runSuite(SuiteRunnerWorker.java:52) [testng-6.10.jar:?]
	at org.testng.SuiteRunnerWorker.run(SuiteRunnerWorker.java:86) [testng-6.10.jar:?]
	at org.testng.TestNG.runSuitesSequentially(TestNG.java:1293) [testng-6.10.jar:?]
	at org.testng.TestNG.runSuitesLocally(TestNG.java:1218) [testng-6.10.jar:?]
	at org.testng.TestNG.runSuites(TestNG.java:1133) [testng-6.10.jar:?]
	at org.testng.TestNG.run(TestNG.java:1104) [testng-6.10.jar:?]
	at org.apache.maven.surefire.testng.TestNGExecutor.run(TestNGExecutor.java:295) [surefire-testng-2.18.1.jar:2.18.1]
	at org.apache.maven.surefire.testng.TestNGXmlTestSuite.execute(TestNGXmlTestSuite.java:84) [surefire-testng-2.18.1.jar:2.18.1]
	at org.apache.maven.surefire.testng.TestNGProvider.invoke(TestNGProvider.java:90) [surefire-testng-2.18.1.jar:2.18.1]
	at org.apache.maven.surefire.booter.ForkedBooter.invokeProviderInSameClassLoader(ForkedBooter.java:203) [surefire-booter-2.18.1.jar:2.18.1]
	at org.apache.maven.surefire.booter.ForkedBooter.runSuitesInProcess(ForkedBooter.java:155) [surefire-booter-2.18.1.jar:2.18.1]
	at org.apache.maven.surefire.booter.ForkedBooter.main(ForkedBooter.java:103) [surefire-booter-2.18.1.jar:2.18.1]
16:22:53  [ERROR] : java.lang.NullPointerException
java.lang.NullPointerException: null
	at com.testing.UI.DataDrivenOfWeb.input(DataDrivenOfWeb.java:120) [classes/:?]
	at sun.reflect.NativeMethodAccessorImpl.invoke0(Native Method) ~[?:1.8.0_171]
	at sun.reflect.NativeMethodAccessorImpl.invoke(NativeMethodAccessorImpl.java:62) ~[?:1.8.0_171]
	at sun.reflect.DelegatingMethodAccessorImpl.invoke(DelegatingMethodAccessorImpl.java:43) ~[?:1.8.0_171]
	at java.lang.reflect.Method.invoke(Method.java:498) ~[?:1.8.0_171]
	at com.testing.allureTest.dataDriven.runUIWithInvoke(dataDriven.java:72) [test-classes/:?]
	at com.testing.allureTest.dataDriven.f(dataDriven.java:30) [test-classes/:?]
	at sun.reflect.NativeMethodAccessorImpl.invoke0(Native Method) ~[?:1.8.0_171]
	at sun.reflect.NativeMethodAccessorImpl.invoke(NativeMethodAccessorImpl.java:62) ~[?:1.8.0_171]
	at sun.reflect.DelegatingMethodAccessorImpl.invoke(DelegatingMethodAccessorImpl.java:43) ~[?:1.8.0_171]
	at java.lang.reflect.Method.invoke(Method.java:498) ~[?:1.8.0_171]
	at org.testng.internal.MethodInvocationHelper.invokeMethod(MethodInvocationHelper.java:104) [testng-6.10.jar:?]
	at org.testng.internal.Invoker.invokeMethod(Invoker.java:645) [testng-6.10.jar:?]
	at org.testng.internal.Invoker.invokeTestMethod(Invoker.java:851) [testng-6.10.jar:?]
	at org.testng.internal.Invoker.invokeTestMethods(Invoker.java:1177) [testng-6.10.jar:?]
	at org.testng.internal.TestMethodWorker.invokeTestMethods(TestMethodWorker.java:129) [testng-6.10.jar:?]
	at org.testng.internal.TestMethodWorker.run(TestMethodWorker.java:112) [testng-6.10.jar:?]
	at org.testng.TestRunner.privateRun(TestRunner.java:756) [testng-6.10.jar:?]
	at org.testng.TestRunner.run(TestRunner.java:610) [testng-6.10.jar:?]
	at org.testng.SuiteRunner.runTest(SuiteRunner.java:387) [testng-6.10.jar:?]
	at org.testng.SuiteRunner.runSequentially(SuiteRunner.java:382) [testng-6.10.jar:?]
	at org.testng.SuiteRunner.privateRun(SuiteRunner.java:340) [testng-6.10.jar:?]
	at org.testng.SuiteRunner.run(SuiteRunner.java:289) [testng-6.10.jar:?]
	at org.testng.SuiteRunnerWorker.runSuite(SuiteRunnerWorker.java:52) [testng-6.10.jar:?]
	at org.testng.SuiteRunnerWorker.run(SuiteRunnerWorker.java:86) [testng-6.10.jar:?]
	at org.testng.TestNG.runSuitesSequentially(TestNG.java:1293) [testng-6.10.jar:?]
	at org.testng.TestNG.runSuitesLocally(TestNG.java:1218) [testng-6.10.jar:?]
	at org.testng.TestNG.runSuites(TestNG.java:1133) [testng-6.10.jar:?]
	at org.testng.TestNG.run(TestNG.java:1104) [testng-6.10.jar:?]
	at org.apache.maven.surefire.testng.TestNGExecutor.run(TestNGExecutor.java:295) [surefire-testng-2.18.1.jar:2.18.1]
	at org.apache.maven.surefire.testng.TestNGXmlTestSuite.execute(TestNGXmlTestSuite.java:84) [surefire-testng-2.18.1.jar:2.18.1]
	at org.apache.maven.surefire.testng.TestNGProvider.invoke(TestNGProvider.java:90) [surefire-testng-2.18.1.jar:2.18.1]
	at org.apache.maven.surefire.booter.ForkedBooter.invokeProviderInSameClassLoader(ForkedBooter.java:203) [surefire-booter-2.18.1.jar:2.18.1]
	at org.apache.maven.surefire.booter.ForkedBooter.runSuitesInProcess(ForkedBooter.java:155) [surefire-booter-2.18.1.jar:2.18.1]
	at org.apache.maven.surefire.booter.ForkedBooter.main(ForkedBooter.java:103) [surefire-booter-2.18.1.jar:2.18.1]
16:22:53  [ERROR] : java.lang.NullPointerException
java.lang.NullPointerException: null
	at com.testing.UI.DataDrivenOfWeb.explicitlyWait(DataDrivenOfWeb.java:172) [classes/:?]
	at com.testing.UI.DataDrivenOfWeb.click(DataDrivenOfWeb.java:128) [classes/:?]
	at sun.reflect.NativeMethodAccessorImpl.invoke0(Native Method) ~[?:1.8.0_171]
	at sun.reflect.NativeMethodAccessorImpl.invoke(NativeMethodAccessorImpl.java:62) ~[?:1.8.0_171]
	at sun.reflect.DelegatingMethodAccessorImpl.invoke(DelegatingMethodAccessorImpl.java:43) ~[?:1.8.0_171]
	at java.lang.reflect.Method.invoke(Method.java:498) ~[?:1.8.0_171]
	at com.testing.allureTest.dataDriven.runUIWithInvoke(dataDriven.java:65) [test-classes/:?]
	at com.testing.allureTest.dataDriven.f(dataDriven.java:30) [test-classes/:?]
	at sun.reflect.NativeMethodAccessorImpl.invoke0(Native Method) ~[?:1.8.0_171]
	at sun.reflect.NativeMethodAccessorImpl.invoke(NativeMethodAccessorImpl.java:62) ~[?:1.8.0_171]
	at sun.reflect.DelegatingMethodAccessorImpl.invoke(DelegatingMethodAccessorImpl.java:43) ~[?:1.8.0_171]
	at java.lang.reflect.Method.invoke(Method.java:498) ~[?:1.8.0_171]
	at org.testng.internal.MethodInvocationHelper.invokeMethod(MethodInvocationHelper.java:104) [testng-6.10.jar:?]
	at org.testng.internal.Invoker.invokeMethod(Invoker.java:645) [testng-6.10.jar:?]
	at org.testng.internal.Invoker.invokeTestMethod(Invoker.java:851) [testng-6.10.jar:?]
	at org.testng.internal.Invoker.invokeTestMethods(Invoker.java:1177) [testng-6.10.jar:?]
	at org.testng.internal.TestMethodWorker.invokeTestMethods(TestMethodWorker.java:129) [testng-6.10.jar:?]
	at org.testng.internal.TestMethodWorker.run(TestMethodWorker.java:112) [testng-6.10.jar:?]
	at org.testng.TestRunner.privateRun(TestRunner.java:756) [testng-6.10.jar:?]
	at org.testng.TestRunner.run(TestRunner.java:610) [testng-6.10.jar:?]
	at org.testng.SuiteRunner.runTest(SuiteRunner.java:387) [testng-6.10.jar:?]
	at org.testng.SuiteRunner.runSequentially(SuiteRunner.java:382) [testng-6.10.jar:?]
	at org.testng.SuiteRunner.privateRun(SuiteRunner.java:340) [testng-6.10.jar:?]
	at org.testng.SuiteRunner.run(SuiteRunner.java:289) [testng-6.10.jar:?]
	at org.testng.SuiteRunnerWorker.runSuite(SuiteRunnerWorker.java:52) [testng-6.10.jar:?]
	at org.testng.SuiteRunnerWorker.run(SuiteRunnerWorker.java:86) [testng-6.10.jar:?]
	at org.testng.TestNG.runSuitesSequentially(TestNG.java:1293) [testng-6.10.jar:?]
	at org.testng.TestNG.runSuitesLocally(TestNG.java:1218) [testng-6.10.jar:?]
	at org.testng.TestNG.runSuites(TestNG.java:1133) [testng-6.10.jar:?]
	at org.testng.TestNG.run(TestNG.java:1104) [testng-6.10.jar:?]
	at org.apache.maven.surefire.testng.TestNGExecutor.run(TestNGExecutor.java:295) [surefire-testng-2.18.1.jar:2.18.1]
	at org.apache.maven.surefire.testng.TestNGXmlTestSuite.execute(TestNGXmlTestSuite.java:84) [surefire-testng-2.18.1.jar:2.18.1]
	at org.apache.maven.surefire.testng.TestNGProvider.invoke(TestNGProvider.java:90) [surefire-testng-2.18.1.jar:2.18.1]
	at org.apache.maven.surefire.booter.ForkedBooter.invokeProviderInSameClassLoader(ForkedBooter.java:203) [surefire-booter-2.18.1.jar:2.18.1]
	at org.apache.maven.surefire.booter.ForkedBooter.runSuitesInProcess(ForkedBooter.java:155) [surefire-booter-2.18.1.jar:2.18.1]
	at org.apache.maven.surefire.booter.ForkedBooter.main(ForkedBooter.java:103) [surefire-booter-2.18.1.jar:2.18.1]
16:22:53  [ERROR] : java.lang.NullPointerException
java.lang.NullPointerException: null
	at com.testing.UI.DataDrivenOfWeb.click(DataDrivenOfWeb.java:133) [classes/:?]
	at sun.reflect.NativeMethodAccessorImpl.invoke0(Native Method) ~[?:1.8.0_171]
	at sun.reflect.NativeMethodAccessorImpl.invoke(NativeMethodAccessorImpl.java:62) ~[?:1.8.0_171]
	at sun.reflect.DelegatingMethodAccessorImpl.invoke(DelegatingMethodAccessorImpl.java:43) ~[?:1.8.0_171]
	at java.lang.reflect.Method.invoke(Method.java:498) ~[?:1.8.0_171]
	at com.testing.allureTest.dataDriven.runUIWithInvoke(dataDriven.java:65) [test-classes/:?]
	at com.testing.allureTest.dataDriven.f(dataDriven.java:30) [test-classes/:?]
	at sun.reflect.NativeMethodAccessorImpl.invoke0(Native Method) ~[?:1.8.0_171]
	at sun.reflect.NativeMethodAccessorImpl.invoke(NativeMethodAccessorImpl.java:62) ~[?:1.8.0_171]
	at sun.reflect.DelegatingMethodAccessorImpl.invoke(DelegatingMethodAccessorImpl.java:43) ~[?:1.8.0_171]
	at java.lang.reflect.Method.invoke(Method.java:498) ~[?:1.8.0_171]
	at org.testng.internal.MethodInvocationHelper.invokeMethod(MethodInvocationHelper.java:104) [testng-6.10.jar:?]
	at org.testng.internal.Invoker.invokeMethod(Invoker.java:645) [testng-6.10.jar:?]
	at org.testng.internal.Invoker.invokeTestMethod(Invoker.java:851) [testng-6.10.jar:?]
	at org.testng.internal.Invoker.invokeTestMethods(Invoker.java:1177) [testng-6.10.jar:?]
	at org.testng.internal.TestMethodWorker.invokeTestMethods(TestMethodWorker.java:129) [testng-6.10.jar:?]
	at org.testng.internal.TestMethodWorker.run(TestMethodWorker.java:112) [testng-6.10.jar:?]
	at org.testng.TestRunner.privateRun(TestRunner.java:756) [testng-6.10.jar:?]
	at org.testng.TestRunner.run(TestRunner.java:610) [testng-6.10.jar:?]
	at org.testng.SuiteRunner.runTest(SuiteRunner.java:387) [testng-6.10.jar:?]
	at org.testng.SuiteRunner.runSequentially(SuiteRunner.java:382) [testng-6.10.jar:?]
	at org.testng.SuiteRunner.privateRun(SuiteRunner.java:340) [testng-6.10.jar:?]
	at org.testng.SuiteRunner.run(SuiteRunner.java:289) [testng-6.10.jar:?]
	at org.testng.SuiteRunnerWorker.runSuite(SuiteRunnerWorker.java:52) [testng-6.10.jar:?]
	at org.testng.SuiteRunnerWorker.run(SuiteRunnerWorker.java:86) [testng-6.10.jar:?]
	at org.testng.TestNG.runSuitesSequentially(TestNG.java:1293) [testng-6.10.jar:?]
	at org.testng.TestNG.runSuitesLocally(TestNG.java:1218) [testng-6.10.jar:?]
	at org.testng.TestNG.runSuites(TestNG.java:1133) [testng-6.10.jar:?]
	at org.testng.TestNG.run(TestNG.java:1104) [testng-6.10.jar:?]
	at org.apache.maven.surefire.testng.TestNGExecutor.run(TestNGExecutor.java:295) [surefire-testng-2.18.1.jar:2.18.1]
	at org.apache.maven.surefire.testng.TestNGXmlTestSuite.execute(TestNGXmlTestSuite.java:84) [surefire-testng-2.18.1.jar:2.18.1]
	at org.apache.maven.surefire.testng.TestNGProvider.invoke(TestNGProvider.java:90) [surefire-testng-2.18.1.jar:2.18.1]
	at org.apache.maven.surefire.booter.ForkedBooter.invokeProviderInSameClassLoader(ForkedBooter.java:203) [surefire-booter-2.18.1.jar:2.18.1]
	at org.apache.maven.surefire.booter.ForkedBooter.runSuitesInProcess(ForkedBooter.java:155) [surefire-booter-2.18.1.jar:2.18.1]
	at org.apache.maven.surefire.booter.ForkedBooter.main(ForkedBooter.java:103) [surefire-booter-2.18.1.jar:2.18.1]
16:22:53  [ERROR] : java.lang.NullPointerException
java.lang.NullPointerException: null
	at com.testing.UI.DataDrivenOfWeb.explicitlyWait(DataDrivenOfWeb.java:172) [classes/:?]
	at com.testing.UI.DataDrivenOfWeb.click(DataDrivenOfWeb.java:128) [classes/:?]
	at sun.reflect.NativeMethodAccessorImpl.invoke0(Native Method) ~[?:1.8.0_171]
	at sun.reflect.NativeMethodAccessorImpl.invoke(NativeMethodAccessorImpl.java:62) ~[?:1.8.0_171]
	at sun.reflect.DelegatingMethodAccessorImpl.invoke(DelegatingMethodAccessorImpl.java:43) ~[?:1.8.0_171]
	at java.lang.reflect.Method.invoke(Method.java:498) ~[?:1.8.0_171]
	at com.testing.allureTest.dataDriven.runUIWithInvoke(dataDriven.java:65) [test-classes/:?]
	at com.testing.allureTest.dataDriven.f(dataDriven.java:30) [test-classes/:?]
	at sun.reflect.NativeMethodAccessorImpl.invoke0(Native Method) ~[?:1.8.0_171]
	at sun.reflect.NativeMethodAccessorImpl.invoke(NativeMethodAccessorImpl.java:62) ~[?:1.8.0_171]
	at sun.reflect.DelegatingMethodAccessorImpl.invoke(DelegatingMethodAccessorImpl.java:43) ~[?:1.8.0_171]
	at java.lang.reflect.Method.invoke(Method.java:498) ~[?:1.8.0_171]
	at org.testng.internal.MethodInvocationHelper.invokeMethod(MethodInvocationHelper.java:104) [testng-6.10.jar:?]
	at org.testng.internal.Invoker.invokeMethod(Invoker.java:645) [testng-6.10.jar:?]
	at org.testng.internal.Invoker.invokeTestMethod(Invoker.java:851) [testng-6.10.jar:?]
	at org.testng.internal.Invoker.invokeTestMethods(Invoker.java:1177) [testng-6.10.jar:?]
	at org.testng.internal.TestMethodWorker.invokeTestMethods(TestMethodWorker.java:129) [testng-6.10.jar:?]
	at org.testng.internal.TestMethodWorker.run(TestMethodWorker.java:112) [testng-6.10.jar:?]
	at org.testng.TestRunner.privateRun(TestRunner.java:756) [testng-6.10.jar:?]
	at org.testng.TestRunner.run(TestRunner.java:610) [testng-6.10.jar:?]
	at org.testng.SuiteRunner.runTest(SuiteRunner.java:387) [testng-6.10.jar:?]
	at org.testng.SuiteRunner.runSequentially(SuiteRunner.java:382) [testng-6.10.jar:?]
	at org.testng.SuiteRunner.privateRun(SuiteRunner.java:340) [testng-6.10.jar:?]
	at org.testng.SuiteRunner.run(SuiteRunner.java:289) [testng-6.10.jar:?]
	at org.testng.SuiteRunnerWorker.runSuite(SuiteRunnerWorker.java:52) [testng-6.10.jar:?]
	at org.testng.SuiteRunnerWorker.run(SuiteRunnerWorker.java:86) [testng-6.10.jar:?]
	at org.testng.TestNG.runSuitesSequentially(TestNG.java:1293) [testng-6.10.jar:?]
	at org.testng.TestNG.runSuitesLocally(TestNG.java:1218) [testng-6.10.jar:?]
	at org.testng.TestNG.runSuites(TestNG.java:1133) [testng-6.10.jar:?]
	at org.testng.TestNG.run(TestNG.java:1104) [testng-6.10.jar:?]
	at org.apache.maven.surefire.testng.TestNGExecutor.run(TestNGExecutor.java:295) [surefire-testng-2.18.1.jar:2.18.1]
	at org.apache.maven.surefire.testng.TestNGXmlTestSuite.execute(TestNGXmlTestSuite.java:84) [surefire-testng-2.18.1.jar:2.18.1]
	at org.apache.maven.surefire.testng.TestNGProvider.invoke(TestNGProvider.java:90) [surefire-testng-2.18.1.jar:2.18.1]
	at org.apache.maven.surefire.booter.ForkedBooter.invokeProviderInSameClassLoader(ForkedBooter.java:203) [surefire-booter-2.18.1.jar:2.18.1]
	at org.apache.maven.surefire.booter.ForkedBooter.runSuitesInProcess(ForkedBooter.java:155) [surefire-booter-2.18.1.jar:2.18.1]
	at org.apache.maven.surefire.booter.ForkedBooter.main(ForkedBooter.java:103) [surefire-booter-2.18.1.jar:2.18.1]
16:22:53  [ERROR] : java.lang.NullPointerException
java.lang.NullPointerException: null
	at com.testing.UI.DataDrivenOfWeb.click(DataDrivenOfWeb.java:133) [classes/:?]
	at sun.reflect.NativeMethodAccessorImpl.invoke0(Native Method) ~[?:1.8.0_171]
	at sun.reflect.NativeMethodAccessorImpl.invoke(NativeMethodAccessorImpl.java:62) ~[?:1.8.0_171]
	at sun.reflect.DelegatingMethodAccessorImpl.invoke(DelegatingMethodAccessorImpl.java:43) ~[?:1.8.0_171]
	at java.lang.reflect.Method.invoke(Method.java:498) ~[?:1.8.0_171]
	at com.testing.allureTest.dataDriven.runUIWithInvoke(dataDriven.java:65) [test-classes/:?]
	at com.testing.allureTest.dataDriven.f(dataDriven.java:30) [test-classes/:?]
	at sun.reflect.NativeMethodAccessorImpl.invoke0(Native Method) ~[?:1.8.0_171]
	at sun.reflect.NativeMethodAccessorImpl.invoke(NativeMethodAccessorImpl.java:62) ~[?:1.8.0_171]
	at sun.reflect.DelegatingMethodAccessorImpl.invoke(DelegatingMethodAccessorImpl.java:43) ~[?:1.8.0_171]
	at java.lang.reflect.Method.invoke(Method.java:498) ~[?:1.8.0_171]
	at org.testng.internal.MethodInvocationHelper.invokeMethod(MethodInvocationHelper.java:104) [testng-6.10.jar:?]
	at org.testng.internal.Invoker.invokeMethod(Invoker.java:645) [testng-6.10.jar:?]
	at org.testng.internal.Invoker.invokeTestMethod(Invoker.java:851) [testng-6.10.jar:?]
	at org.testng.internal.Invoker.invokeTestMethods(Invoker.java:1177) [testng-6.10.jar:?]
	at org.testng.internal.TestMethodWorker.invokeTestMethods(TestMethodWorker.java:129) [testng-6.10.jar:?]
	at org.testng.internal.TestMethodWorker.run(TestMethodWorker.java:112) [testng-6.10.jar:?]
	at org.testng.TestRunner.privateRun(TestRunner.java:756) [testng-6.10.jar:?]
	at org.testng.TestRunner.run(TestRunner.java:610) [testng-6.10.jar:?]
	at org.testng.SuiteRunner.runTest(SuiteRunner.java:387) [testng-6.10.jar:?]
	at org.testng.SuiteRunner.runSequentially(SuiteRunner.java:382) [testng-6.10.jar:?]
	at org.testng.SuiteRunner.privateRun(SuiteRunner.java:340) [testng-6.10.jar:?]
	at org.testng.SuiteRunner.run(SuiteRunner.java:289) [testng-6.10.jar:?]
	at org.testng.SuiteRunnerWorker.runSuite(SuiteRunnerWorker.java:52) [testng-6.10.jar:?]
	at org.testng.SuiteRunnerWorker.run(SuiteRunnerWorker.java:86) [testng-6.10.jar:?]
	at org.testng.TestNG.runSuitesSequentially(TestNG.java:1293) [testng-6.10.jar:?]
	at org.testng.TestNG.runSuitesLocally(TestNG.java:1218) [testng-6.10.jar:?]
	at org.testng.TestNG.runSuites(TestNG.java:1133) [testng-6.10.jar:?]
	at org.testng.TestNG.run(TestNG.java:1104) [testng-6.10.jar:?]
	at org.apache.maven.surefire.testng.TestNGExecutor.run(TestNGExecutor.java:295) [surefire-testng-2.18.1.jar:2.18.1]
	at org.apache.maven.surefire.testng.TestNGXmlTestSuite.execute(TestNGXmlTestSuite.java:84) [surefire-testng-2.18.1.jar:2.18.1]
	at org.apache.maven.surefire.testng.TestNGProvider.invoke(TestNGProvider.java:90) [surefire-testng-2.18.1.jar:2.18.1]
	at org.apache.maven.surefire.booter.ForkedBooter.invokeProviderInSameClassLoader(ForkedBooter.java:203) [surefire-booter-2.18.1.jar:2.18.1]
	at org.apache.maven.surefire.booter.ForkedBooter.runSuitesInProcess(ForkedBooter.java:155) [surefire-booter-2.18.1.jar:2.18.1]
	at org.apache.maven.surefire.booter.ForkedBooter.main(ForkedBooter.java:103) [surefire-booter-2.18.1.jar:2.18.1]
16:22:53  [ERROR] : java.lang.NullPointerException
java.lang.NullPointerException: null
	at com.testing.UI.DataDrivenOfWeb.explicitlyWait(DataDrivenOfWeb.java:172) [classes/:?]
	at com.testing.UI.DataDrivenOfWeb.intoIframe(DataDrivenOfWeb.java:238) [classes/:?]
	at sun.reflect.NativeMethodAccessorImpl.invoke0(Native Method) ~[?:1.8.0_171]
	at sun.reflect.NativeMethodAccessorImpl.invoke(NativeMethodAccessorImpl.java:62) ~[?:1.8.0_171]
	at sun.reflect.DelegatingMethodAccessorImpl.invoke(DelegatingMethodAccessorImpl.java:43) ~[?:1.8.0_171]
	at java.lang.reflect.Method.invoke(Method.java:498) ~[?:1.8.0_171]
	at com.testing.allureTest.dataDriven.runUIWithInvoke(dataDriven.java:65) [test-classes/:?]
	at com.testing.allureTest.dataDriven.f(dataDriven.java:30) [test-classes/:?]
	at sun.reflect.NativeMethodAccessorImpl.invoke0(Native Method) ~[?:1.8.0_171]
	at sun.reflect.NativeMethodAccessorImpl.invoke(NativeMethodAccessorImpl.java:62) ~[?:1.8.0_171]
	at sun.reflect.DelegatingMethodAccessorImpl.invoke(DelegatingMethodAccessorImpl.java:43) ~[?:1.8.0_171]
	at java.lang.reflect.Method.invoke(Method.java:498) ~[?:1.8.0_171]
	at org.testng.internal.MethodInvocationHelper.invokeMethod(MethodInvocationHelper.java:104) [testng-6.10.jar:?]
	at org.testng.internal.Invoker.invokeMethod(Invoker.java:645) [testng-6.10.jar:?]
	at org.testng.internal.Invoker.invokeTestMethod(Invoker.java:851) [testng-6.10.jar:?]
	at org.testng.internal.Invoker.invokeTestMethods(Invoker.java:1177) [testng-6.10.jar:?]
	at org.testng.internal.TestMethodWorker.invokeTestMethods(TestMethodWorker.java:129) [testng-6.10.jar:?]
	at org.testng.internal.TestMethodWorker.run(TestMethodWorker.java:112) [testng-6.10.jar:?]
	at org.testng.TestRunner.privateRun(TestRunner.java:756) [testng-6.10.jar:?]
	at org.testng.TestRunner.run(TestRunner.java:610) [testng-6.10.jar:?]
	at org.testng.SuiteRunner.runTest(SuiteRunner.java:387) [testng-6.10.jar:?]
	at org.testng.SuiteRunner.runSequentially(SuiteRunner.java:382) [testng-6.10.jar:?]
	at org.testng.SuiteRunner.privateRun(SuiteRunner.java:340) [testng-6.10.jar:?]
	at org.testng.SuiteRunner.run(SuiteRunner.java:289) [testng-6.10.jar:?]
	at org.testng.SuiteRunnerWorker.runSuite(SuiteRunnerWorker.java:52) [testng-6.10.jar:?]
	at org.testng.SuiteRunnerWorker.run(SuiteRunnerWorker.java:86) [testng-6.10.jar:?]
	at org.testng.TestNG.runSuitesSequentially(TestNG.java:1293) [testng-6.10.jar:?]
	at org.testng.TestNG.runSuitesLocally(TestNG.java:1218) [testng-6.10.jar:?]
	at org.testng.TestNG.runSuites(TestNG.java:1133) [testng-6.10.jar:?]
	at org.testng.TestNG.run(TestNG.java:1104) [testng-6.10.jar:?]
	at org.apache.maven.surefire.testng.TestNGExecutor.run(TestNGExecutor.java:295) [surefire-testng-2.18.1.jar:2.18.1]
	at org.apache.maven.surefire.testng.TestNGXmlTestSuite.execute(TestNGXmlTestSuite.java:84) [surefire-testng-2.18.1.jar:2.18.1]
	at org.apache.maven.surefire.testng.TestNGProvider.invoke(TestNGProvider.java:90) [surefire-testng-2.18.1.jar:2.18.1]
	at org.apache.maven.surefire.booter.ForkedBooter.invokeProviderInSameClassLoader(ForkedBooter.java:203) [surefire-booter-2.18.1.jar:2.18.1]
	at org.apache.maven.surefire.booter.ForkedBooter.runSuitesInProcess(ForkedBooter.java:155) [surefire-booter-2.18.1.jar:2.18.1]
	at org.apache.maven.surefire.booter.ForkedBooter.main(ForkedBooter.java:103) [surefire-booter-2.18.1.jar:2.18.1]
16:22:53  [ERROR] : java.lang.NullPointerException
java.lang.NullPointerException: null
	at com.testing.UI.DataDrivenOfWeb.intoIframe(DataDrivenOfWeb.java:245) [classes/:?]
	at sun.reflect.NativeMethodAccessorImpl.invoke0(Native Method) ~[?:1.8.0_171]
	at sun.reflect.NativeMethodAccessorImpl.invoke(NativeMethodAccessorImpl.java:62) ~[?:1.8.0_171]
	at sun.reflect.DelegatingMethodAccessorImpl.invoke(DelegatingMethodAccessorImpl.java:43) ~[?:1.8.0_171]
	at java.lang.reflect.Method.invoke(Method.java:498) ~[?:1.8.0_171]
	at com.testing.allureTest.dataDriven.runUIWithInvoke(dataDriven.java:65) [test-classes/:?]
	at com.testing.allureTest.dataDriven.f(dataDriven.java:30) [test-classes/:?]
	at sun.reflect.NativeMethodAccessorImpl.invoke0(Native Method) ~[?:1.8.0_171]
	at sun.reflect.NativeMethodAccessorImpl.invoke(NativeMethodAccessorImpl.java:62) ~[?:1.8.0_171]
	at sun.reflect.DelegatingMethodAccessorImpl.invoke(DelegatingMethodAccessorImpl.java:43) ~[?:1.8.0_171]
	at java.lang.reflect.Method.invoke(Method.java:498) ~[?:1.8.0_171]
	at org.testng.internal.MethodInvocationHelper.invokeMethod(MethodInvocationHelper.java:104) [testng-6.10.jar:?]
	at org.testng.internal.Invoker.invokeMethod(Invoker.java:645) [testng-6.10.jar:?]
	at org.testng.internal.Invoker.invokeTestMethod(Invoker.java:851) [testng-6.10.jar:?]
	at org.testng.internal.Invoker.invokeTestMethods(Invoker.java:1177) [testng-6.10.jar:?]
	at org.testng.internal.TestMethodWorker.invokeTestMethods(TestMethodWorker.java:129) [testng-6.10.jar:?]
	at org.testng.internal.TestMethodWorker.run(TestMethodWorker.java:112) [testng-6.10.jar:?]
	at org.testng.TestRunner.privateRun(TestRunner.java:756) [testng-6.10.jar:?]
	at org.testng.TestRunner.run(TestRunner.java:610) [testng-6.10.jar:?]
	at org.testng.SuiteRunner.runTest(SuiteRunner.java:387) [testng-6.10.jar:?]
	at org.testng.SuiteRunner.runSequentially(SuiteRunner.java:382) [testng-6.10.jar:?]
	at org.testng.SuiteRunner.privateRun(SuiteRunner.java:340) [testng-6.10.jar:?]
	at org.testng.SuiteRunner.run(SuiteRunner.java:289) [testng-6.10.jar:?]
	at org.testng.SuiteRunnerWorker.runSuite(SuiteRunnerWorker.java:52) [testng-6.10.jar:?]
	at org.testng.SuiteRunnerWorker.run(SuiteRunnerWorker.java:86) [testng-6.10.jar:?]
	at org.testng.TestNG.runSuitesSequentially(TestNG.java:1293) [testng-6.10.jar:?]
	at org.testng.TestNG.runSuitesLocally(TestNG.java:1218) [testng-6.10.jar:?]
	at org.testng.TestNG.runSuites(TestNG.java:1133) [testng-6.10.jar:?]
	at org.testng.TestNG.run(TestNG.java:1104) [testng-6.10.jar:?]
	at org.apache.maven.surefire.testng.TestNGExecutor.run(TestNGExecutor.java:295) [surefire-testng-2.18.1.jar:2.18.1]
	at org.apache.maven.surefire.testng.TestNGXmlTestSuite.execute(TestNGXmlTestSuite.java:84) [surefire-testng-2.18.1.jar:2.18.1]
	at org.apache.maven.surefire.testng.TestNGProvider.invoke(TestNGProvider.java:90) [surefire-testng-2.18.1.jar:2.18.1]
	at org.apache.maven.surefire.booter.ForkedBooter.invokeProviderInSameClassLoader(ForkedBooter.java:203) [surefire-booter-2.18.1.jar:2.18.1]
	at org.apache.maven.surefire.booter.ForkedBooter.runSuitesInProcess(ForkedBooter.java:155) [surefire-booter-2.18.1.jar:2.18.1]
	at org.apache.maven.surefire.booter.ForkedBooter.main(ForkedBooter.java:103) [surefire-booter-2.18.1.jar:2.18.1]
16:22:53  [INFO ] : 进入iframe失败
16:22:53  [ERROR] : java.lang.NullPointerException
java.lang.NullPointerException: null
	at com.testing.UI.DataDrivenOfWeb.explicitlyWait(DataDrivenOfWeb.java:172) [classes/:?]
	at com.testing.UI.DataDrivenOfWeb.click(DataDrivenOfWeb.java:128) [classes/:?]
	at sun.reflect.NativeMethodAccessorImpl.invoke0(Native Method) ~[?:1.8.0_171]
	at sun.reflect.NativeMethodAccessorImpl.invoke(NativeMethodAccessorImpl.java:62) ~[?:1.8.0_171]
	at sun.reflect.DelegatingMethodAccessorImpl.invoke(DelegatingMethodAccessorImpl.java:43) ~[?:1.8.0_171]
	at java.lang.reflect.Method.invoke(Method.java:498) ~[?:1.8.0_171]
	at com.testing.allureTest.dataDriven.runUIWithInvoke(dataDriven.java:65) [test-classes/:?]
	at com.testing.allureTest.dataDriven.f(dataDriven.java:30) [test-classes/:?]
	at sun.reflect.NativeMethodAccessorImpl.invoke0(Native Method) ~[?:1.8.0_171]
	at sun.reflect.NativeMethodAccessorImpl.invoke(NativeMethodAccessorImpl.java:62) ~[?:1.8.0_171]
	at sun.reflect.DelegatingMethodAccessorImpl.invoke(DelegatingMethodAccessorImpl.java:43) ~[?:1.8.0_171]
	at java.lang.reflect.Method.invoke(Method.java:498) ~[?:1.8.0_171]
	at org.testng.internal.MethodInvocationHelper.invokeMethod(MethodInvocationHelper.java:104) [testng-6.10.jar:?]
	at org.testng.internal.Invoker.invokeMethod(Invoker.java:645) [testng-6.10.jar:?]
	at org.testng.internal.Invoker.invokeTestMethod(Invoker.java:851) [testng-6.10.jar:?]
	at org.testng.internal.Invoker.invokeTestMethods(Invoker.java:1177) [testng-6.10.jar:?]
	at org.testng.internal.TestMethodWorker.invokeTestMethods(TestMethodWorker.java:129) [testng-6.10.jar:?]
	at org.testng.internal.TestMethodWorker.run(TestMethodWorker.java:112) [testng-6.10.jar:?]
	at org.testng.TestRunner.privateRun(TestRunner.java:756) [testng-6.10.jar:?]
	at org.testng.TestRunner.run(TestRunner.java:610) [testng-6.10.jar:?]
	at org.testng.SuiteRunner.runTest(SuiteRunner.java:387) [testng-6.10.jar:?]
	at org.testng.SuiteRunner.runSequentially(SuiteRunner.java:382) [testng-6.10.jar:?]
	at org.testng.SuiteRunner.privateRun(SuiteRunner.java:340) [testng-6.10.jar:?]
	at org.testng.SuiteRunner.run(SuiteRunner.java:289) [testng-6.10.jar:?]
	at org.testng.SuiteRunnerWorker.runSuite(SuiteRunnerWorker.java:52) [testng-6.10.jar:?]
	at org.testng.SuiteRunnerWorker.run(SuiteRunnerWorker.java:86) [testng-6.10.jar:?]
	at org.testng.TestNG.runSuitesSequentially(TestNG.java:1293) [testng-6.10.jar:?]
	at org.testng.TestNG.runSuitesLocally(TestNG.java:1218) [testng-6.10.jar:?]
	at org.testng.TestNG.runSuites(TestNG.java:1133) [testng-6.10.jar:?]
	at org.testng.TestNG.run(TestNG.java:1104) [testng-6.10.jar:?]
	at org.apache.maven.surefire.testng.TestNGExecutor.run(TestNGExecutor.java:295) [surefire-testng-2.18.1.jar:2.18.1]
	at org.apache.maven.surefire.testng.TestNGXmlTestSuite.execute(TestNGXmlTestSuite.java:84) [surefire-testng-2.18.1.jar:2.18.1]
	at org.apache.maven.surefire.testng.TestNGProvider.invoke(TestNGProvider.java:90) [surefire-testng-2.18.1.jar:2.18.1]
	at org.apache.maven.surefire.booter.ForkedBooter.invokeProviderInSameClassLoader(ForkedBooter.java:203) [surefire-booter-2.18.1.jar:2.18.1]
	at org.apache.maven.surefire.booter.ForkedBooter.runSuitesInProcess(ForkedBooter.java:155) [surefire-booter-2.18.1.jar:2.18.1]
	at org.apache.maven.surefire.booter.ForkedBooter.main(ForkedBooter.java:103) [surefire-booter-2.18.1.jar:2.18.1]
16:22:53  [ERROR] : java.lang.NullPointerException
java.lang.NullPointerException: null
	at com.testing.UI.DataDrivenOfWeb.click(DataDrivenOfWeb.java:133) [classes/:?]
	at sun.reflect.NativeMethodAccessorImpl.invoke0(Native Method) ~[?:1.8.0_171]
	at sun.reflect.NativeMethodAccessorImpl.invoke(NativeMethodAccessorImpl.java:62) ~[?:1.8.0_171]
	at sun.reflect.DelegatingMethodAccessorImpl.invoke(DelegatingMethodAccessorImpl.java:43) ~[?:1.8.0_171]
	at java.lang.reflect.Method.invoke(Method.java:498) ~[?:1.8.0_171]
	at com.testing.allureTest.dataDriven.runUIWithInvoke(dataDriven.java:65) [test-classes/:?]
	at com.testing.allureTest.dataDriven.f(dataDriven.java:30) [test-classes/:?]
	at sun.reflect.NativeMethodAccessorImpl.invoke0(Native Method) ~[?:1.8.0_171]
	at sun.reflect.NativeMethodAccessorImpl.invoke(NativeMethodAccessorImpl.java:62) ~[?:1.8.0_171]
	at sun.reflect.DelegatingMethodAccessorImpl.invoke(DelegatingMethodAccessorImpl.java:43) ~[?:1.8.0_171]
	at java.lang.reflect.Method.invoke(Method.java:498) ~[?:1.8.0_171]
	at org.testng.internal.MethodInvocationHelper.invokeMethod(MethodInvocationHelper.java:104) [testng-6.10.jar:?]
	at org.testng.internal.Invoker.invokeMethod(Invoker.java:645) [testng-6.10.jar:?]
	at org.testng.internal.Invoker.invokeTestMethod(Invoker.java:851) [testng-6.10.jar:?]
	at org.testng.internal.Invoker.invokeTestMethods(Invoker.java:1177) [testng-6.10.jar:?]
	at org.testng.internal.TestMethodWorker.invokeTestMethods(TestMethodWorker.java:129) [testng-6.10.jar:?]
	at org.testng.internal.TestMethodWorker.run(TestMethodWorker.java:112) [testng-6.10.jar:?]
	at org.testng.TestRunner.privateRun(TestRunner.java:756) [testng-6.10.jar:?]
	at org.testng.TestRunner.run(TestRunner.java:610) [testng-6.10.jar:?]
	at org.testng.SuiteRunner.runTest(SuiteRunner.java:387) [testng-6.10.jar:?]
	at org.testng.SuiteRunner.runSequentially(SuiteRunner.java:382) [testng-6.10.jar:?]
	at org.testng.SuiteRunner.privateRun(SuiteRunner.java:340) [testng-6.10.jar:?]
	at org.testng.SuiteRunner.run(SuiteRunner.java:289) [testng-6.10.jar:?]
	at org.testng.SuiteRunnerWorker.runSuite(SuiteRunnerWorker.java:52) [testng-6.10.jar:?]
	at org.testng.SuiteRunnerWorker.run(SuiteRunnerWorker.java:86) [testng-6.10.jar:?]
	at org.testng.TestNG.runSuitesSequentially(TestNG.java:1293) [testng-6.10.jar:?]
	at org.testng.TestNG.runSuitesLocally(TestNG.java:1218) [testng-6.10.jar:?]
	at org.testng.TestNG.runSuites(TestNG.java:1133) [testng-6.10.jar:?]
	at org.testng.TestNG.run(TestNG.java:1104) [testng-6.10.jar:?]
	at org.apache.maven.surefire.testng.TestNGExecutor.run(TestNGExecutor.java:295) [surefire-testng-2.18.1.jar:2.18.1]
	at org.apache.maven.surefire.testng.TestNGXmlTestSuite.execute(TestNGXmlTestSuite.java:84) [surefire-testng-2.18.1.jar:2.18.1]
	at org.apache.maven.surefire.testng.TestNGProvider.invoke(TestNGProvider.java:90) [surefire-testng-2.18.1.jar:2.18.1]
	at org.apache.maven.surefire.booter.ForkedBooter.invokeProviderInSameClassLoader(ForkedBooter.java:203) [surefire-booter-2.18.1.jar:2.18.1]
	at org.apache.maven.surefire.booter.ForkedBooter.runSuitesInProcess(ForkedBooter.java:155) [surefire-booter-2.18.1.jar:2.18.1]
	at org.apache.maven.surefire.booter.ForkedBooter.main(ForkedBooter.java:103) [surefire-booter-2.18.1.jar:2.18.1]
16:22:53  [ERROR] : java.lang.NullPointerException
java.lang.NullPointerException: null
	at com.testing.UI.DataDrivenOfWeb.explicitlyWait(DataDrivenOfWeb.java:172) [classes/:?]
	at com.testing.UI.DataDrivenOfWeb.input(DataDrivenOfWeb.java:114) [classes/:?]
	at sun.reflect.NativeMethodAccessorImpl.invoke0(Native Method) ~[?:1.8.0_171]
	at sun.reflect.NativeMethodAccessorImpl.invoke(NativeMethodAccessorImpl.java:62) ~[?:1.8.0_171]
	at sun.reflect.DelegatingMethodAccessorImpl.invoke(DelegatingMethodAccessorImpl.java:43) ~[?:1.8.0_171]
	at java.lang.reflect.Method.invoke(Method.java:498) ~[?:1.8.0_171]
	at com.testing.allureTest.dataDriven.runUIWithInvoke(dataDriven.java:72) [test-classes/:?]
	at com.testing.allureTest.dataDriven.f(dataDriven.java:30) [test-classes/:?]
	at sun.reflect.NativeMethodAccessorImpl.invoke0(Native Method) ~[?:1.8.0_171]
	at sun.reflect.NativeMethodAccessorImpl.invoke(NativeMethodAccessorImpl.java:62) ~[?:1.8.0_171]
	at sun.reflect.DelegatingMethodAccessorImpl.invoke(DelegatingMethodAccessorImpl.java:43) ~[?:1.8.0_171]
	at java.lang.reflect.Method.invoke(Method.java:498) ~[?:1.8.0_171]
	at org.testng.internal.MethodInvocationHelper.invokeMethod(MethodInvocationHelper.java:104) [testng-6.10.jar:?]
	at org.testng.internal.Invoker.invokeMethod(Invoker.java:645) [testng-6.10.jar:?]
	at org.testng.internal.Invoker.invokeTestMethod(Invoker.java:851) [testng-6.10.jar:?]
	at org.testng.internal.Invoker.invokeTestMethods(Invoker.java:1177) [testng-6.10.jar:?]
	at org.testng.internal.TestMethodWorker.invokeTestMethods(TestMethodWorker.java:129) [testng-6.10.jar:?]
	at org.testng.internal.TestMethodWorker.run(TestMethodWorker.java:112) [testng-6.10.jar:?]
	at org.testng.TestRunner.privateRun(TestRunner.java:756) [testng-6.10.jar:?]
	at org.testng.TestRunner.run(TestRunner.java:610) [testng-6.10.jar:?]
	at org.testng.SuiteRunner.runTest(SuiteRunner.java:387) [testng-6.10.jar:?]
	at org.testng.SuiteRunner.runSequentially(SuiteRunner.java:382) [testng-6.10.jar:?]
	at org.testng.SuiteRunner.privateRun(SuiteRunner.java:340) [testng-6.10.jar:?]
	at org.testng.SuiteRunner.run(SuiteRunner.java:289) [testng-6.10.jar:?]
	at org.testng.SuiteRunnerWorker.runSuite(SuiteRunnerWorker.java:52) [testng-6.10.jar:?]
	at org.testng.SuiteRunnerWorker.run(SuiteRunnerWorker.java:86) [testng-6.10.jar:?]
	at org.testng.TestNG.runSuitesSequentially(TestNG.java:1293) [testng-6.10.jar:?]
	at org.testng.TestNG.runSuitesLocally(TestNG.java:1218) [testng-6.10.jar:?]
	at org.testng.TestNG.runSuites(TestNG.java:1133) [testng-6.10.jar:?]
	at org.testng.TestNG.run(TestNG.java:1104) [testng-6.10.jar:?]
	at org.apache.maven.surefire.testng.TestNGExecutor.run(TestNGExecutor.java:295) [surefire-testng-2.18.1.jar:2.18.1]
	at org.apache.maven.surefire.testng.TestNGXmlTestSuite.execute(TestNGXmlTestSuite.java:84) [surefire-testng-2.18.1.jar:2.18.1]
	at org.apache.maven.surefire.testng.TestNGProvider.invoke(TestNGProvider.java:90) [surefire-testng-2.18.1.jar:2.18.1]
	at org.apache.maven.surefire.booter.ForkedBooter.invokeProviderInSameClassLoader(ForkedBooter.java:203) [surefire-booter-2.18.1.jar:2.18.1]
	at org.apache.maven.surefire.booter.ForkedBooter.runSuitesInProcess(ForkedBooter.java:155) [surefire-booter-2.18.1.jar:2.18.1]
	at org.apache.maven.surefire.booter.ForkedBooter.main(ForkedBooter.java:103) [surefire-booter-2.18.1.jar:2.18.1]
16:22:53  [ERROR] : java.lang.NullPointerException
java.lang.NullPointerException: null
	at com.testing.UI.DataDrivenOfWeb.input(DataDrivenOfWeb.java:120) [classes/:?]
	at sun.reflect.NativeMethodAccessorImpl.invoke0(Native Method) ~[?:1.8.0_171]
	at sun.reflect.NativeMethodAccessorImpl.invoke(NativeMethodAccessorImpl.java:62) ~[?:1.8.0_171]
	at sun.reflect.DelegatingMethodAccessorImpl.invoke(DelegatingMethodAccessorImpl.java:43) ~[?:1.8.0_171]
	at java.lang.reflect.Method.invoke(Method.java:498) ~[?:1.8.0_171]
	at com.testing.allureTest.dataDriven.runUIWithInvoke(dataDriven.java:72) [test-classes/:?]
	at com.testing.allureTest.dataDriven.f(dataDriven.java:30) [test-classes/:?]
	at sun.reflect.NativeMethodAccessorImpl.invoke0(Native Method) ~[?:1.8.0_171]
	at sun.reflect.NativeMethodAccessorImpl.invoke(NativeMethodAccessorImpl.java:62) ~[?:1.8.0_171]
	at sun.reflect.DelegatingMethodAccessorImpl.invoke(DelegatingMethodAccessorImpl.java:43) ~[?:1.8.0_171]
	at java.lang.reflect.Method.invoke(Method.java:498) ~[?:1.8.0_171]
	at org.testng.internal.MethodInvocationHelper.invokeMethod(MethodInvocationHelper.java:104) [testng-6.10.jar:?]
	at org.testng.internal.Invoker.invokeMethod(Invoker.java:645) [testng-6.10.jar:?]
	at org.testng.internal.Invoker.invokeTestMethod(Invoker.java:851) [testng-6.10.jar:?]
	at org.testng.internal.Invoker.invokeTestMethods(Invoker.java:1177) [testng-6.10.jar:?]
	at org.testng.internal.TestMethodWorker.invokeTestMethods(TestMethodWorker.java:129) [testng-6.10.jar:?]
	at org.testng.internal.TestMethodWorker.run(TestMethodWorker.java:112) [testng-6.10.jar:?]
	at org.testng.TestRunner.privateRun(TestRunner.java:756) [testng-6.10.jar:?]
	at org.testng.TestRunner.run(TestRunner.java:610) [testng-6.10.jar:?]
	at org.testng.SuiteRunner.runTest(SuiteRunner.java:387) [testng-6.10.jar:?]
	at org.testng.SuiteRunner.runSequentially(SuiteRunner.java:382) [testng-6.10.jar:?]
	at org.testng.SuiteRunner.privateRun(SuiteRunner.java:340) [testng-6.10.jar:?]
	at org.testng.SuiteRunner.run(SuiteRunner.java:289) [testng-6.10.jar:?]
	at org.testng.SuiteRunnerWorker.runSuite(SuiteRunnerWorker.java:52) [testng-6.10.jar:?]
	at org.testng.SuiteRunnerWorker.run(SuiteRunnerWorker.java:86) [testng-6.10.jar:?]
	at org.testng.TestNG.runSuitesSequentially(TestNG.java:1293) [testng-6.10.jar:?]
	at org.testng.TestNG.runSuitesLocally(TestNG.java:1218) [testng-6.10.jar:?]
	at org.testng.TestNG.runSuites(TestNG.java:1133) [testng-6.10.jar:?]
	at org.testng.TestNG.run(TestNG.java:1104) [testng-6.10.jar:?]
	at org.apache.maven.surefire.testng.TestNGExecutor.run(TestNGExecutor.java:295) [surefire-testng-2.18.1.jar:2.18.1]
	at org.apache.maven.surefire.testng.TestNGXmlTestSuite.execute(TestNGXmlTestSuite.java:84) [surefire-testng-2.18.1.jar:2.18.1]
	at org.apache.maven.surefire.testng.TestNGProvider.invoke(TestNGProvider.java:90) [surefire-testng-2.18.1.jar:2.18.1]
	at org.apache.maven.surefire.booter.ForkedBooter.invokeProviderInSameClassLoader(ForkedBooter.java:203) [surefire-booter-2.18.1.jar:2.18.1]
	at org.apache.maven.surefire.booter.ForkedBooter.runSuitesInProcess(ForkedBooter.java:155) [surefire-booter-2.18.1.jar:2.18.1]
	at org.apache.maven.surefire.booter.ForkedBooter.main(ForkedBooter.java:103) [surefire-booter-2.18.1.jar:2.18.1]
16:22:53  [ERROR] : java.lang.NullPointerException
java.lang.NullPointerException: null
	at com.testing.UI.DataDrivenOfWeb.selectByValue(DataDrivenOfWeb.java:401) [classes/:?]
	at sun.reflect.NativeMethodAccessorImpl.invoke0(Native Method) ~[?:1.8.0_171]
	at sun.reflect.NativeMethodAccessorImpl.invoke(NativeMethodAccessorImpl.java:62) ~[?:1.8.0_171]
	at sun.reflect.DelegatingMethodAccessorImpl.invoke(DelegatingMethodAccessorImpl.java:43) ~[?:1.8.0_171]
	at java.lang.reflect.Method.invoke(Method.java:498) ~[?:1.8.0_171]
	at com.testing.allureTest.dataDriven.runUIWithInvoke(dataDriven.java:72) [test-classes/:?]
	at com.testing.allureTest.dataDriven.f(dataDriven.java:30) [test-classes/:?]
	at sun.reflect.NativeMethodAccessorImpl.invoke0(Native Method) ~[?:1.8.0_171]
	at sun.reflect.NativeMethodAccessorImpl.invoke(NativeMethodAccessorImpl.java:62) ~[?:1.8.0_171]
	at sun.reflect.DelegatingMethodAccessorImpl.invoke(DelegatingMethodAccessorImpl.java:43) ~[?:1.8.0_171]
	at java.lang.reflect.Method.invoke(Method.java:498) ~[?:1.8.0_171]
	at org.testng.internal.MethodInvocationHelper.invokeMethod(MethodInvocationHelper.java:104) [testng-6.10.jar:?]
	at org.testng.internal.Invoker.invokeMethod(Invoker.java:645) [testng-6.10.jar:?]
	at org.testng.internal.Invoker.invokeTestMethod(Invoker.java:851) [testng-6.10.jar:?]
	at org.testng.internal.Invoker.invokeTestMethods(Invoker.java:1177) [testng-6.10.jar:?]
	at org.testng.internal.TestMethodWorker.invokeTestMethods(TestMethodWorker.java:129) [testng-6.10.jar:?]
	at org.testng.internal.TestMethodWorker.run(TestMethodWorker.java:112) [testng-6.10.jar:?]
	at org.testng.TestRunner.privateRun(TestRunner.java:756) [testng-6.10.jar:?]
	at org.testng.TestRunner.run(TestRunner.java:610) [testng-6.10.jar:?]
	at org.testng.SuiteRunner.runTest(SuiteRunner.java:387) [testng-6.10.jar:?]
	at org.testng.SuiteRunner.runSequentially(SuiteRunner.java:382) [testng-6.10.jar:?]
	at org.testng.SuiteRunner.privateRun(SuiteRunner.java:340) [testng-6.10.jar:?]
	at org.testng.SuiteRunner.run(SuiteRunner.java:289) [testng-6.10.jar:?]
	at org.testng.SuiteRunnerWorker.runSuite(SuiteRunnerWorker.java:52) [testng-6.10.jar:?]
	at org.testng.SuiteRunnerWorker.run(SuiteRunnerWorker.java:86) [testng-6.10.jar:?]
	at org.testng.TestNG.runSuitesSequentially(TestNG.java:1293) [testng-6.10.jar:?]
	at org.testng.TestNG.runSuitesLocally(TestNG.java:1218) [testng-6.10.jar:?]
	at org.testng.TestNG.runSuites(TestNG.java:1133) [testng-6.10.jar:?]
	at org.testng.TestNG.run(TestNG.java:1104) [testng-6.10.jar:?]
	at org.apache.maven.surefire.testng.TestNGExecutor.run(TestNGExecutor.java:295) [surefire-testng-2.18.1.jar:2.18.1]
	at org.apache.maven.surefire.testng.TestNGXmlTestSuite.execute(TestNGXmlTestSuite.java:84) [surefire-testng-2.18.1.jar:2.18.1]
	at org.apache.maven.surefire.testng.TestNGProvider.invoke(TestNGProvider.java:90) [surefire-testng-2.18.1.jar:2.18.1]
	at org.apache.maven.surefire.booter.ForkedBooter.invokeProviderInSameClassLoader(ForkedBooter.java:203) [surefire-booter-2.18.1.jar:2.18.1]
	at org.apache.maven.surefire.booter.ForkedBooter.runSuitesInProcess(ForkedBooter.java:155) [surefire-booter-2.18.1.jar:2.18.1]
	at org.apache.maven.surefire.booter.ForkedBooter.main(ForkedBooter.java:103) [surefire-booter-2.18.1.jar:2.18.1]
16:22:53  [ERROR] : 通过值选择Select失败！
16:22:54  [ERROR] : java.lang.NullPointerException
java.lang.NullPointerException: null
	at com.testing.UI.DataDrivenOfWeb.selectByValue(DataDrivenOfWeb.java:401) [classes/:?]
	at sun.reflect.NativeMethodAccessorImpl.invoke0(Native Method) ~[?:1.8.0_171]
	at sun.reflect.NativeMethodAccessorImpl.invoke(NativeMethodAccessorImpl.java:62) ~[?:1.8.0_171]
	at sun.reflect.DelegatingMethodAccessorImpl.invoke(DelegatingMethodAccessorImpl.java:43) ~[?:1.8.0_171]
	at java.lang.reflect.Method.invoke(Method.java:498) ~[?:1.8.0_171]
	at com.testing.allureTest.dataDriven.runUIWithInvoke(dataDriven.java:72) [test-classes/:?]
	at com.testing.allureTest.dataDriven.f(dataDriven.java:30) [test-classes/:?]
	at sun.reflect.NativeMethodAccessorImpl.invoke0(Native Method) ~[?:1.8.0_171]
	at sun.reflect.NativeMethodAccessorImpl.invoke(NativeMethodAccessorImpl.java:62) ~[?:1.8.0_171]
	at sun.reflect.DelegatingMethodAccessorImpl.invoke(DelegatingMethodAccessorImpl.java:43) ~[?:1.8.0_171]
	at java.lang.reflect.Method.invoke(Method.java:498) ~[?:1.8.0_171]
	at org.testng.internal.MethodInvocationHelper.invokeMethod(MethodInvocationHelper.java:104) [testng-6.10.jar:?]
	at org.testng.internal.Invoker.invokeMethod(Invoker.java:645) [testng-6.10.jar:?]
	at org.testng.internal.Invoker.invokeTestMethod(Invoker.java:851) [testng-6.10.jar:?]
	at org.testng.internal.Invoker.invokeTestMethods(Invoker.java:1177) [testng-6.10.jar:?]
	at org.testng.internal.TestMethodWorker.invokeTestMethods(TestMethodWorker.java:129) [testng-6.10.jar:?]
	at org.testng.internal.TestMethodWorker.run(TestMethodWorker.java:112) [testng-6.10.jar:?]
	at org.testng.TestRunner.privateRun(TestRunner.java:756) [testng-6.10.jar:?]
	at org.testng.TestRunner.run(TestRunner.java:610) [testng-6.10.jar:?]
	at org.testng.SuiteRunner.runTest(SuiteRunner.java:387) [testng-6.10.jar:?]
	at org.testng.SuiteRunner.runSequentially(SuiteRunner.java:382) [testng-6.10.jar:?]
	at org.testng.SuiteRunner.privateRun(SuiteRunner.java:340) [testng-6.10.jar:?]
	at org.testng.SuiteRunner.run(SuiteRunner.java:289) [testng-6.10.jar:?]
	at org.testng.SuiteRunnerWorker.runSuite(SuiteRunnerWorker.java:52) [testng-6.10.jar:?]
	at org.testng.SuiteRunnerWorker.run(SuiteRunnerWorker.java:86) [testng-6.10.jar:?]
	at org.testng.TestNG.runSuitesSequentially(TestNG.java:1293) [testng-6.10.jar:?]
	at org.testng.TestNG.runSuitesLocally(TestNG.java:1218) [testng-6.10.jar:?]
	at org.testng.TestNG.runSuites(TestNG.java:1133) [testng-6.10.jar:?]
	at org.testng.TestNG.run(TestNG.java:1104) [testng-6.10.jar:?]
	at org.apache.maven.surefire.testng.TestNGExecutor.run(TestNGExecutor.java:295) [surefire-testng-2.18.1.jar:2.18.1]
	at org.apache.maven.surefire.testng.TestNGXmlTestSuite.execute(TestNGXmlTestSuite.java:84) [surefire-testng-2.18.1.jar:2.18.1]
	at org.apache.maven.surefire.testng.TestNGProvider.invoke(TestNGProvider.java:90) [surefire-testng-2.18.1.jar:2.18.1]
	at org.apache.maven.surefire.booter.ForkedBooter.invokeProviderInSameClassLoader(ForkedBooter.java:203) [surefire-booter-2.18.1.jar:2.18.1]
	at org.apache.maven.surefire.booter.ForkedBooter.runSuitesInProcess(ForkedBooter.java:155) [surefire-booter-2.18.1.jar:2.18.1]
	at org.apache.maven.surefire.booter.ForkedBooter.main(ForkedBooter.java:103) [surefire-booter-2.18.1.jar:2.18.1]
16:22:54  [ERROR] : 通过值选择Select失败！
16:22:55  [ERROR] : java.lang.NullPointerException
java.lang.NullPointerException: null
	at com.testing.UI.DataDrivenOfWeb.selectByValue(DataDrivenOfWeb.java:401) [classes/:?]
	at sun.reflect.NativeMethodAccessorImpl.invoke0(Native Method) ~[?:1.8.0_171]
	at sun.reflect.NativeMethodAccessorImpl.invoke(NativeMethodAccessorImpl.java:62) ~[?:1.8.0_171]
	at sun.reflect.DelegatingMethodAccessorImpl.invoke(DelegatingMethodAccessorImpl.java:43) ~[?:1.8.0_171]
	at java.lang.reflect.Method.invoke(Method.java:498) ~[?:1.8.0_171]
	at com.testing.allureTest.dataDriven.runUIWithInvoke(dataDriven.java:72) [test-classes/:?]
	at com.testing.allureTest.dataDriven.f(dataDriven.java:30) [test-classes/:?]
	at sun.reflect.NativeMethodAccessorImpl.invoke0(Native Method) ~[?:1.8.0_171]
	at sun.reflect.NativeMethodAccessorImpl.invoke(NativeMethodAccessorImpl.java:62) ~[?:1.8.0_171]
	at sun.reflect.DelegatingMethodAccessorImpl.invoke(DelegatingMethodAccessorImpl.java:43) ~[?:1.8.0_171]
	at java.lang.reflect.Method.invoke(Method.java:498) ~[?:1.8.0_171]
	at org.testng.internal.MethodInvocationHelper.invokeMethod(MethodInvocationHelper.java:104) [testng-6.10.jar:?]
	at org.testng.internal.Invoker.invokeMethod(Invoker.java:645) [testng-6.10.jar:?]
	at org.testng.internal.Invoker.invokeTestMethod(Invoker.java:851) [testng-6.10.jar:?]
	at org.testng.internal.Invoker.invokeTestMethods(Invoker.java:1177) [testng-6.10.jar:?]
	at org.testng.internal.TestMethodWorker.invokeTestMethods(TestMethodWorker.java:129) [testng-6.10.jar:?]
	at org.testng.internal.TestMethodWorker.run(TestMethodWorker.java:112) [testng-6.10.jar:?]
	at org.testng.TestRunner.privateRun(TestRunner.java:756) [testng-6.10.jar:?]
	at org.testng.TestRunner.run(TestRunner.java:610) [testng-6.10.jar:?]
	at org.testng.SuiteRunner.runTest(SuiteRunner.java:387) [testng-6.10.jar:?]
	at org.testng.SuiteRunner.runSequentially(SuiteRunner.java:382) [testng-6.10.jar:?]
	at org.testng.SuiteRunner.privateRun(SuiteRunner.java:340) [testng-6.10.jar:?]
	at org.testng.SuiteRunner.run(SuiteRunner.java:289) [testng-6.10.jar:?]
	at org.testng.SuiteRunnerWorker.runSuite(SuiteRunnerWorker.java:52) [testng-6.10.jar:?]
	at org.testng.SuiteRunnerWorker.run(SuiteRunnerWorker.java:86) [testng-6.10.jar:?]
	at org.testng.TestNG.runSuitesSequentially(TestNG.java:1293) [testng-6.10.jar:?]
	at org.testng.TestNG.runSuitesLocally(TestNG.java:1218) [testng-6.10.jar:?]
	at org.testng.TestNG.runSuites(TestNG.java:1133) [testng-6.10.jar:?]
	at org.testng.TestNG.run(TestNG.java:1104) [testng-6.10.jar:?]
	at org.apache.maven.surefire.testng.TestNGExecutor.run(TestNGExecutor.java:295) [surefire-testng-2.18.1.jar:2.18.1]
	at org.apache.maven.surefire.testng.TestNGXmlTestSuite.execute(TestNGXmlTestSuite.java:84) [surefire-testng-2.18.1.jar:2.18.1]
	at org.apache.maven.surefire.testng.TestNGProvider.invoke(TestNGProvider.java:90) [surefire-testng-2.18.1.jar:2.18.1]
	at org.apache.maven.surefire.booter.ForkedBooter.invokeProviderInSameClassLoader(ForkedBooter.java:203) [surefire-booter-2.18.1.jar:2.18.1]
	at org.apache.maven.surefire.booter.ForkedBooter.runSuitesInProcess(ForkedBooter.java:155) [surefire-booter-2.18.1.jar:2.18.1]
	at org.apache.maven.surefire.booter.ForkedBooter.main(ForkedBooter.java:103) [surefire-booter-2.18.1.jar:2.18.1]
16:22:55  [ERROR] : 通过值选择Select失败！
16:22:55  [ERROR] : java.lang.NullPointerException
java.lang.NullPointerException: null
	at com.testing.UI.DataDrivenOfWeb.explicitlyWait(DataDrivenOfWeb.java:172) [classes/:?]
	at com.testing.UI.DataDrivenOfWeb.input(DataDrivenOfWeb.java:114) [classes/:?]
	at sun.reflect.NativeMethodAccessorImpl.invoke0(Native Method) ~[?:1.8.0_171]
	at sun.reflect.NativeMethodAccessorImpl.invoke(NativeMethodAccessorImpl.java:62) ~[?:1.8.0_171]
	at sun.reflect.DelegatingMethodAccessorImpl.invoke(DelegatingMethodAccessorImpl.java:43) ~[?:1.8.0_171]
	at java.lang.reflect.Method.invoke(Method.java:498) ~[?:1.8.0_171]
	at com.testing.allureTest.dataDriven.runUIWithInvoke(dataDriven.java:72) [test-classes/:?]
	at com.testing.allureTest.dataDriven.f(dataDriven.java:30) [test-classes/:?]
	at sun.reflect.NativeMethodAccessorImpl.invoke0(Native Method) ~[?:1.8.0_171]
	at sun.reflect.NativeMethodAccessorImpl.invoke(NativeMethodAccessorImpl.java:62) ~[?:1.8.0_171]
	at sun.reflect.DelegatingMethodAccessorImpl.invoke(DelegatingMethodAccessorImpl.java:43) ~[?:1.8.0_171]
	at java.lang.reflect.Method.invoke(Method.java:498) ~[?:1.8.0_171]
	at org.testng.internal.MethodInvocationHelper.invokeMethod(MethodInvocationHelper.java:104) [testng-6.10.jar:?]
	at org.testng.internal.Invoker.invokeMethod(Invoker.java:645) [testng-6.10.jar:?]
	at org.testng.internal.Invoker.invokeTestMethod(Invoker.java:851) [testng-6.10.jar:?]
	at org.testng.internal.Invoker.invokeTestMethods(Invoker.java:1177) [testng-6.10.jar:?]
	at org.testng.internal.TestMethodWorker.invokeTestMethods(TestMethodWorker.java:129) [testng-6.10.jar:?]
	at org.testng.internal.TestMethodWorker.run(TestMethodWorker.java:112) [testng-6.10.jar:?]
	at org.testng.TestRunner.privateRun(TestRunner.java:756) [testng-6.10.jar:?]
	at org.testng.TestRunner.run(TestRunner.java:610) [testng-6.10.jar:?]
	at org.testng.SuiteRunner.runTest(SuiteRunner.java:387) [testng-6.10.jar:?]
	at org.testng.SuiteRunner.runSequentially(SuiteRunner.java:382) [testng-6.10.jar:?]
	at org.testng.SuiteRunner.privateRun(SuiteRunner.java:340) [testng-6.10.jar:?]
	at org.testng.SuiteRunner.run(SuiteRunner.java:289) [testng-6.10.jar:?]
	at org.testng.SuiteRunnerWorker.runSuite(SuiteRunnerWorker.java:52) [testng-6.10.jar:?]
	at org.testng.SuiteRunnerWorker.run(SuiteRunnerWorker.java:86) [testng-6.10.jar:?]
	at org.testng.TestNG.runSuitesSequentially(TestNG.java:1293) [testng-6.10.jar:?]
	at org.testng.TestNG.runSuitesLocally(TestNG.java:1218) [testng-6.10.jar:?]
	at org.testng.TestNG.runSuites(TestNG.java:1133) [testng-6.10.jar:?]
	at org.testng.TestNG.run(TestNG.java:1104) [testng-6.10.jar:?]
	at org.apache.maven.surefire.testng.TestNGExecutor.run(TestNGExecutor.java:295) [surefire-testng-2.18.1.jar:2.18.1]
	at org.apache.maven.surefire.testng.TestNGXmlTestSuite.execute(TestNGXmlTestSuite.java:84) [surefire-testng-2.18.1.jar:2.18.1]
	at org.apache.maven.surefire.testng.TestNGProvider.invoke(TestNGProvider.java:90) [surefire-testng-2.18.1.jar:2.18.1]
	at org.apache.maven.surefire.booter.ForkedBooter.invokeProviderInSameClassLoader(ForkedBooter.java:203) [surefire-booter-2.18.1.jar:2.18.1]
	at org.apache.maven.surefire.booter.ForkedBooter.runSuitesInProcess(ForkedBooter.java:155) [surefire-booter-2.18.1.jar:2.18.1]
	at org.apache.maven.surefire.booter.ForkedBooter.main(ForkedBooter.java:103) [surefire-booter-2.18.1.jar:2.18.1]
16:22:55  [ERROR] : java.lang.NullPointerException
java.lang.NullPointerException: null
	at com.testing.UI.DataDrivenOfWeb.input(DataDrivenOfWeb.java:120) [classes/:?]
	at sun.reflect.NativeMethodAccessorImpl.invoke0(Native Method) ~[?:1.8.0_171]
	at sun.reflect.NativeMethodAccessorImpl.invoke(NativeMethodAccessorImpl.java:62) ~[?:1.8.0_171]
	at sun.reflect.DelegatingMethodAccessorImpl.invoke(DelegatingMethodAccessorImpl.java:43) ~[?:1.8.0_171]
	at java.lang.reflect.Method.invoke(Method.java:498) ~[?:1.8.0_171]
	at com.testing.allureTest.dataDriven.runUIWithInvoke(dataDriven.java:72) [test-classes/:?]
	at com.testing.allureTest.dataDriven.f(dataDriven.java:30) [test-classes/:?]
	at sun.reflect.NativeMethodAccessorImpl.invoke0(Native Method) ~[?:1.8.0_171]
	at sun.reflect.NativeMethodAccessorImpl.invoke(NativeMethodAccessorImpl.java:62) ~[?:1.8.0_171]
	at sun.reflect.DelegatingMethodAccessorImpl.invoke(DelegatingMethodAccessorImpl.java:43) ~[?:1.8.0_171]
	at java.lang.reflect.Method.invoke(Method.java:498) ~[?:1.8.0_171]
	at org.testng.internal.MethodInvocationHelper.invokeMethod(MethodInvocationHelper.java:104) [testng-6.10.jar:?]
	at org.testng.internal.Invoker.invokeMethod(Invoker.java:645) [testng-6.10.jar:?]
	at org.testng.internal.Invoker.invokeTestMethod(Invoker.java:851) [testng-6.10.jar:?]
	at org.testng.internal.Invoker.invokeTestMethods(Invoker.java:1177) [testng-6.10.jar:?]
	at org.testng.internal.TestMethodWorker.invokeTestMethods(TestMethodWorker.java:129) [testng-6.10.jar:?]
	at org.testng.internal.TestMethodWorker.run(TestMethodWorker.java:112) [testng-6.10.jar:?]
	at org.testng.TestRunner.privateRun(TestRunner.java:756) [testng-6.10.jar:?]
	at org.testng.TestRunner.run(TestRunner.java:610) [testng-6.10.jar:?]
	at org.testng.SuiteRunner.runTest(SuiteRunner.java:387) [testng-6.10.jar:?]
	at org.testng.SuiteRunner.runSequentially(SuiteRunner.java:382) [testng-6.10.jar:?]
	at org.testng.SuiteRunner.privateRun(SuiteRunner.java:340) [testng-6.10.jar:?]
	at org.testng.SuiteRunner.run(SuiteRunner.java:289) [testng-6.10.jar:?]
	at org.testng.SuiteRunnerWorker.runSuite(SuiteRunnerWorker.java:52) [testng-6.10.jar:?]
	at org.testng.SuiteRunnerWorker.run(SuiteRunnerWorker.java:86) [testng-6.10.jar:?]
	at org.testng.TestNG.runSuitesSequentially(TestNG.java:1293) [testng-6.10.jar:?]
	at org.testng.TestNG.runSuitesLocally(TestNG.java:1218) [testng-6.10.jar:?]
	at org.testng.TestNG.runSuites(TestNG.java:1133) [testng-6.10.jar:?]
	at org.testng.TestNG.run(TestNG.java:1104) [testng-6.10.jar:?]
	at org.apache.maven.surefire.testng.TestNGExecutor.run(TestNGExecutor.java:295) [surefire-testng-2.18.1.jar:2.18.1]
	at org.apache.maven.surefire.testng.TestNGXmlTestSuite.execute(TestNGXmlTestSuite.java:84) [surefire-testng-2.18.1.jar:2.18.1]
	at org.apache.maven.surefire.testng.TestNGProvider.invoke(TestNGProvider.java:90) [surefire-testng-2.18.1.jar:2.18.1]
	at org.apache.maven.surefire.booter.ForkedBooter.invokeProviderInSameClassLoader(ForkedBooter.java:203) [surefire-booter-2.18.1.jar:2.18.1]
	at org.apache.maven.surefire.booter.ForkedBooter.runSuitesInProcess(ForkedBooter.java:155) [surefire-booter-2.18.1.jar:2.18.1]
	at org.apache.maven.surefire.booter.ForkedBooter.main(ForkedBooter.java:103) [surefire-booter-2.18.1.jar:2.18.1]
16:22:55  [ERROR] : java.lang.NullPointerException
java.lang.NullPointerException: null
	at com.testing.UI.DataDrivenOfWeb.explicitlyWait(DataDrivenOfWeb.java:172) [classes/:?]
	at com.testing.UI.DataDrivenOfWeb.input(DataDrivenOfWeb.java:114) [classes/:?]
	at sun.reflect.NativeMethodAccessorImpl.invoke0(Native Method) ~[?:1.8.0_171]
	at sun.reflect.NativeMethodAccessorImpl.invoke(NativeMethodAccessorImpl.java:62) ~[?:1.8.0_171]
	at sun.reflect.DelegatingMethodAccessorImpl.invoke(DelegatingMethodAccessorImpl.java:43) ~[?:1.8.0_171]
	at java.lang.reflect.Method.invoke(Method.java:498) ~[?:1.8.0_171]
	at com.testing.allureTest.dataDriven.runUIWithInvoke(dataDriven.java:72) [test-classes/:?]
	at com.testing.allureTest.dataDriven.f(dataDriven.java:30) [test-classes/:?]
	at sun.reflect.GeneratedMethodAccessor2.invoke(Unknown Source) ~[?:?]
	at sun.reflect.DelegatingMethodAccessorImpl.invoke(DelegatingMethodAccessorImpl.java:43) ~[?:1.8.0_171]
	at java.lang.reflect.Method.invoke(Method.java:498) ~[?:1.8.0_171]
	at org.testng.internal.MethodInvocationHelper.invokeMethod(MethodInvocationHelper.java:104) [testng-6.10.jar:?]
	at org.testng.internal.Invoker.invokeMethod(Invoker.java:645) [testng-6.10.jar:?]
	at org.testng.internal.Invoker.invokeTestMethod(Invoker.java:851) [testng-6.10.jar:?]
	at org.testng.internal.Invoker.invokeTestMethods(Invoker.java:1177) [testng-6.10.jar:?]
	at org.testng.internal.TestMethodWorker.invokeTestMethods(TestMethodWorker.java:129) [testng-6.10.jar:?]
	at org.testng.internal.TestMethodWorker.run(TestMethodWorker.java:112) [testng-6.10.jar:?]
	at org.testng.TestRunner.privateRun(TestRunner.java:756) [testng-6.10.jar:?]
	at org.testng.TestRunner.run(TestRunner.java:610) [testng-6.10.jar:?]
	at org.testng.SuiteRunner.runTest(SuiteRunner.java:387) [testng-6.10.jar:?]
	at org.testng.SuiteRunner.runSequentially(SuiteRunner.java:382) [testng-6.10.jar:?]
	at org.testng.SuiteRunner.privateRun(SuiteRunner.java:340) [testng-6.10.jar:?]
	at org.testng.SuiteRunner.run(SuiteRunner.java:289) [testng-6.10.jar:?]
	at org.testng.SuiteRunnerWorker.runSuite(SuiteRunnerWorker.java:52) [testng-6.10.jar:?]
	at org.testng.SuiteRunnerWorker.run(SuiteRunnerWorker.java:86) [testng-6.10.jar:?]
	at org.testng.TestNG.runSuitesSequentially(TestNG.java:1293) [testng-6.10.jar:?]
	at org.testng.TestNG.runSuitesLocally(TestNG.java:1218) [testng-6.10.jar:?]
	at org.testng.TestNG.runSuites(TestNG.java:1133) [testng-6.10.jar:?]
	at org.testng.TestNG.run(TestNG.java:1104) [testng-6.10.jar:?]
	at org.apache.maven.surefire.testng.TestNGExecutor.run(TestNGExecutor.java:295) [surefire-testng-2.18.1.jar:2.18.1]
	at org.apache.maven.surefire.testng.TestNGXmlTestSuite.execute(TestNGXmlTestSuite.java:84) [surefire-testng-2.18.1.jar:2.18.1]
	at org.apache.maven.surefire.testng.TestNGProvider.invoke(TestNGProvider.java:90) [surefire-testng-2.18.1.jar:2.18.1]
	at org.apache.maven.surefire.booter.ForkedBooter.invokeProviderInSameClassLoader(ForkedBooter.java:203) [surefire-booter-2.18.1.jar:2.18.1]
	at org.apache.maven.surefire.booter.ForkedBooter.runSuitesInProcess(ForkedBooter.java:155) [surefire-booter-2.18.1.jar:2.18.1]
	at org.apache.maven.surefire.booter.ForkedBooter.main(ForkedBooter.java:103) [surefire-booter-2.18.1.jar:2.18.1]
16:22:55  [ERROR] : java.lang.NullPointerException
java.lang.NullPointerException: null
	at com.testing.UI.DataDrivenOfWeb.input(DataDrivenOfWeb.java:120) [classes/:?]
	at sun.reflect.NativeMethodAccessorImpl.invoke0(Native Method) ~[?:1.8.0_171]
	at sun.reflect.NativeMethodAccessorImpl.invoke(NativeMethodAccessorImpl.java:62) ~[?:1.8.0_171]
	at sun.reflect.DelegatingMethodAccessorImpl.invoke(DelegatingMethodAccessorImpl.java:43) ~[?:1.8.0_171]
	at java.lang.reflect.Method.invoke(Method.java:498) ~[?:1.8.0_171]
	at com.testing.allureTest.dataDriven.runUIWithInvoke(dataDriven.java:72) [test-classes/:?]
	at com.testing.allureTest.dataDriven.f(dataDriven.java:30) [test-classes/:?]
	at sun.reflect.GeneratedMethodAccessor2.invoke(Unknown Source) ~[?:?]
	at sun.reflect.DelegatingMethodAccessorImpl.invoke(DelegatingMethodAccessorImpl.java:43) ~[?:1.8.0_171]
	at java.lang.reflect.Method.invoke(Method.java:498) ~[?:1.8.0_171]
	at org.testng.internal.MethodInvocationHelper.invokeMethod(MethodInvocationHelper.java:104) [testng-6.10.jar:?]
	at org.testng.internal.Invoker.invokeMethod(Invoker.java:645) [testng-6.10.jar:?]
	at org.testng.internal.Invoker.invokeTestMethod(Invoker.java:851) [testng-6.10.jar:?]
	at org.testng.internal.Invoker.invokeTestMethods(Invoker.java:1177) [testng-6.10.jar:?]
	at org.testng.internal.TestMethodWorker.invokeTestMethods(TestMethodWorker.java:129) [testng-6.10.jar:?]
	at org.testng.internal.TestMethodWorker.run(TestMethodWorker.java:112) [testng-6.10.jar:?]
	at org.testng.TestRunner.privateRun(TestRunner.java:756) [testng-6.10.jar:?]
	at org.testng.TestRunner.run(TestRunner.java:610) [testng-6.10.jar:?]
	at org.testng.SuiteRunner.runTest(SuiteRunner.java:387) [testng-6.10.jar:?]
	at org.testng.SuiteRunner.runSequentially(SuiteRunner.java:382) [testng-6.10.jar:?]
	at org.testng.SuiteRunner.privateRun(SuiteRunner.java:340) [testng-6.10.jar:?]
	at org.testng.SuiteRunner.run(SuiteRunner.java:289) [testng-6.10.jar:?]
	at org.testng.SuiteRunnerWorker.runSuite(SuiteRunnerWorker.java:52) [testng-6.10.jar:?]
	at org.testng.SuiteRunnerWorker.run(SuiteRunnerWorker.java:86) [testng-6.10.jar:?]
	at org.testng.TestNG.runSuitesSequentially(TestNG.java:1293) [testng-6.10.jar:?]
	at org.testng.TestNG.runSuitesLocally(TestNG.java:1218) [testng-6.10.jar:?]
	at org.testng.TestNG.runSuites(TestNG.java:1133) [testng-6.10.jar:?]
	at org.testng.TestNG.run(TestNG.java:1104) [testng-6.10.jar:?]
	at org.apache.maven.surefire.testng.TestNGExecutor.run(TestNGExecutor.java:295) [surefire-testng-2.18.1.jar:2.18.1]
	at org.apache.maven.surefire.testng.TestNGXmlTestSuite.execute(TestNGXmlTestSuite.java:84) [surefire-testng-2.18.1.jar:2.18.1]
	at org.apache.maven.surefire.testng.TestNGProvider.invoke(TestNGProvider.java:90) [surefire-testng-2.18.1.jar:2.18.1]
	at org.apache.maven.surefire.booter.ForkedBooter.invokeProviderInSameClassLoader(ForkedBooter.java:203) [surefire-booter-2.18.1.jar:2.18.1]
	at org.apache.maven.surefire.booter.ForkedBooter.runSuitesInProcess(ForkedBooter.java:155) [surefire-booter-2.18.1.jar:2.18.1]
	at org.apache.maven.surefire.booter.ForkedBooter.main(ForkedBooter.java:103) [surefire-booter-2.18.1.jar:2.18.1]
16:22:55  [ERROR] : java.lang.NullPointerException
java.lang.NullPointerException: null
	at com.testing.UI.DataDrivenOfWeb.explicitlyWait(DataDrivenOfWeb.java:172) [classes/:?]
	at com.testing.UI.DataDrivenOfWeb.click(DataDrivenOfWeb.java:128) [classes/:?]
	at sun.reflect.NativeMethodAccessorImpl.invoke0(Native Method) ~[?:1.8.0_171]
	at sun.reflect.NativeMethodAccessorImpl.invoke(NativeMethodAccessorImpl.java:62) ~[?:1.8.0_171]
	at sun.reflect.DelegatingMethodAccessorImpl.invoke(DelegatingMethodAccessorImpl.java:43) ~[?:1.8.0_171]
	at java.lang.reflect.Method.invoke(Method.java:498) ~[?:1.8.0_171]
	at com.testing.allureTest.dataDriven.runUIWithInvoke(dataDriven.java:65) [test-classes/:?]
	at com.testing.allureTest.dataDriven.f(dataDriven.java:30) [test-classes/:?]
	at sun.reflect.GeneratedMethodAccessor2.invoke(Unknown Source) ~[?:?]
	at sun.reflect.DelegatingMethodAccessorImpl.invoke(DelegatingMethodAccessorImpl.java:43) ~[?:1.8.0_171]
	at java.lang.reflect.Method.invoke(Method.java:498) ~[?:1.8.0_171]
	at org.testng.internal.MethodInvocationHelper.invokeMethod(MethodInvocationHelper.java:104) [testng-6.10.jar:?]
	at org.testng.internal.Invoker.invokeMethod(Invoker.java:645) [testng-6.10.jar:?]
	at org.testng.internal.Invoker.invokeTestMethod(Invoker.java:851) [testng-6.10.jar:?]
	at org.testng.internal.Invoker.invokeTestMethods(Invoker.java:1177) [testng-6.10.jar:?]
	at org.testng.internal.TestMethodWorker.invokeTestMethods(TestMethodWorker.java:129) [testng-6.10.jar:?]
	at org.testng.internal.TestMethodWorker.run(TestMethodWorker.java:112) [testng-6.10.jar:?]
	at org.testng.TestRunner.privateRun(TestRunner.java:756) [testng-6.10.jar:?]
	at org.testng.TestRunner.run(TestRunner.java:610) [testng-6.10.jar:?]
	at org.testng.SuiteRunner.runTest(SuiteRunner.java:387) [testng-6.10.jar:?]
	at org.testng.SuiteRunner.runSequentially(SuiteRunner.java:382) [testng-6.10.jar:?]
	at org.testng.SuiteRunner.privateRun(SuiteRunner.java:340) [testng-6.10.jar:?]
	at org.testng.SuiteRunner.run(SuiteRunner.java:289) [testng-6.10.jar:?]
	at org.testng.SuiteRunnerWorker.runSuite(SuiteRunnerWorker.java:52) [testng-6.10.jar:?]
	at org.testng.SuiteRunnerWorker.run(SuiteRunnerWorker.java:86) [testng-6.10.jar:?]
	at org.testng.TestNG.runSuitesSequentially(TestNG.java:1293) [testng-6.10.jar:?]
	at org.testng.TestNG.runSuitesLocally(TestNG.java:1218) [testng-6.10.jar:?]
	at org.testng.TestNG.runSuites(TestNG.java:1133) [testng-6.10.jar:?]
	at org.testng.TestNG.run(TestNG.java:1104) [testng-6.10.jar:?]
	at org.apache.maven.surefire.testng.TestNGExecutor.run(TestNGExecutor.java:295) [surefire-testng-2.18.1.jar:2.18.1]
	at org.apache.maven.surefire.testng.TestNGXmlTestSuite.execute(TestNGXmlTestSuite.java:84) [surefire-testng-2.18.1.jar:2.18.1]
	at org.apache.maven.surefire.testng.TestNGProvider.invoke(TestNGProvider.java:90) [surefire-testng-2.18.1.jar:2.18.1]
	at org.apache.maven.surefire.booter.ForkedBooter.invokeProviderInSameClassLoader(ForkedBooter.java:203) [surefire-booter-2.18.1.jar:2.18.1]
	at org.apache.maven.surefire.booter.ForkedBooter.runSuitesInProcess(ForkedBooter.java:155) [surefire-booter-2.18.1.jar:2.18.1]
	at org.apache.maven.surefire.booter.ForkedBooter.main(ForkedBooter.java:103) [surefire-booter-2.18.1.jar:2.18.1]
16:22:55  [ERROR] : java.lang.NullPointerException
java.lang.NullPointerException: null
	at com.testing.UI.DataDrivenOfWeb.click(DataDrivenOfWeb.java:133) [classes/:?]
	at sun.reflect.NativeMethodAccessorImpl.invoke0(Native Method) ~[?:1.8.0_171]
	at sun.reflect.NativeMethodAccessorImpl.invoke(NativeMethodAccessorImpl.java:62) ~[?:1.8.0_171]
	at sun.reflect.DelegatingMethodAccessorImpl.invoke(DelegatingMethodAccessorImpl.java:43) ~[?:1.8.0_171]
	at java.lang.reflect.Method.invoke(Method.java:498) ~[?:1.8.0_171]
	at com.testing.allureTest.dataDriven.runUIWithInvoke(dataDriven.java:65) [test-classes/:?]
	at com.testing.allureTest.dataDriven.f(dataDriven.java:30) [test-classes/:?]
	at sun.reflect.GeneratedMethodAccessor2.invoke(Unknown Source) ~[?:?]
	at sun.reflect.DelegatingMethodAccessorImpl.invoke(DelegatingMethodAccessorImpl.java:43) ~[?:1.8.0_171]
	at java.lang.reflect.Method.invoke(Method.java:498) ~[?:1.8.0_171]
	at org.testng.internal.MethodInvocationHelper.invokeMethod(MethodInvocationHelper.java:104) [testng-6.10.jar:?]
	at org.testng.internal.Invoker.invokeMethod(Invoker.java:645) [testng-6.10.jar:?]
	at org.testng.internal.Invoker.invokeTestMethod(Invoker.java:851) [testng-6.10.jar:?]
	at org.testng.internal.Invoker.invokeTestMethods(Invoker.java:1177) [testng-6.10.jar:?]
	at org.testng.internal.TestMethodWorker.invokeTestMethods(TestMethodWorker.java:129) [testng-6.10.jar:?]
	at org.testng.internal.TestMethodWorker.run(TestMethodWorker.java:112) [testng-6.10.jar:?]
	at org.testng.TestRunner.privateRun(TestRunner.java:756) [testng-6.10.jar:?]
	at org.testng.TestRunner.run(TestRunner.java:610) [testng-6.10.jar:?]
	at org.testng.SuiteRunner.runTest(SuiteRunner.java:387) [testng-6.10.jar:?]
	at org.testng.SuiteRunner.runSequentially(SuiteRunner.java:382) [testng-6.10.jar:?]
	at org.testng.SuiteRunner.privateRun(SuiteRunner.java:340) [testng-6.10.jar:?]
	at org.testng.SuiteRunner.run(SuiteRunner.java:289) [testng-6.10.jar:?]
	at org.testng.SuiteRunnerWorker.runSuite(SuiteRunnerWorker.java:52) [testng-6.10.jar:?]
	at org.testng.SuiteRunnerWorker.run(SuiteRunnerWorker.java:86) [testng-6.10.jar:?]
	at org.testng.TestNG.runSuitesSequentially(TestNG.java:1293) [testng-6.10.jar:?]
	at org.testng.TestNG.runSuitesLocally(TestNG.java:1218) [testng-6.10.jar:?]
	at org.testng.TestNG.runSuites(TestNG.java:1133) [testng-6.10.jar:?]
	at org.testng.TestNG.run(TestNG.java:1104) [testng-6.10.jar:?]
	at org.apache.maven.surefire.testng.TestNGExecutor.run(TestNGExecutor.java:295) [surefire-testng-2.18.1.jar:2.18.1]
	at org.apache.maven.surefire.testng.TestNGXmlTestSuite.execute(TestNGXmlTestSuite.java:84) [surefire-testng-2.18.1.jar:2.18.1]
	at org.apache.maven.surefire.testng.TestNGProvider.invoke(TestNGProvider.java:90) [surefire-testng-2.18.1.jar:2.18.1]
	at org.apache.maven.surefire.booter.ForkedBooter.invokeProviderInSameClassLoader(ForkedBooter.java:203) [surefire-booter-2.18.1.jar:2.18.1]
	at org.apache.maven.surefire.booter.ForkedBooter.runSuitesInProcess(ForkedBooter.java:155) [surefire-booter-2.18.1.jar:2.18.1]
	at org.apache.maven.surefire.booter.ForkedBooter.main(ForkedBooter.java:103) [surefire-booter-2.18.1.jar:2.18.1]
16:22:55  [ERROR] : java.lang.NullPointerException
java.lang.NullPointerException: null
	at com.testing.UI.DataDrivenOfWeb.explicitlyWait(DataDrivenOfWeb.java:172) [classes/:?]
	at com.testing.UI.DataDrivenOfWeb.click(DataDrivenOfWeb.java:128) [classes/:?]
	at sun.reflect.NativeMethodAccessorImpl.invoke0(Native Method) ~[?:1.8.0_171]
	at sun.reflect.NativeMethodAccessorImpl.invoke(NativeMethodAccessorImpl.java:62) ~[?:1.8.0_171]
	at sun.reflect.DelegatingMethodAccessorImpl.invoke(DelegatingMethodAccessorImpl.java:43) ~[?:1.8.0_171]
	at java.lang.reflect.Method.invoke(Method.java:498) ~[?:1.8.0_171]
	at com.testing.allureTest.dataDriven.runUIWithInvoke(dataDriven.java:65) [test-classes/:?]
	at com.testing.allureTest.dataDriven.f(dataDriven.java:30) [test-classes/:?]
	at sun.reflect.GeneratedMethodAccessor2.invoke(Unknown Source) ~[?:?]
	at sun.reflect.DelegatingMethodAccessorImpl.invoke(DelegatingMethodAccessorImpl.java:43) ~[?:1.8.0_171]
	at java.lang.reflect.Method.invoke(Method.java:498) ~[?:1.8.0_171]
	at org.testng.internal.MethodInvocationHelper.invokeMethod(MethodInvocationHelper.java:104) [testng-6.10.jar:?]
	at org.testng.internal.Invoker.invokeMethod(Invoker.java:645) [testng-6.10.jar:?]
	at org.testng.internal.Invoker.invokeTestMethod(Invoker.java:851) [testng-6.10.jar:?]
	at org.testng.internal.Invoker.invokeTestMethods(Invoker.java:1177) [testng-6.10.jar:?]
	at org.testng.internal.TestMethodWorker.invokeTestMethods(TestMethodWorker.java:129) [testng-6.10.jar:?]
	at org.testng.internal.TestMethodWorker.run(TestMethodWorker.java:112) [testng-6.10.jar:?]
	at org.testng.TestRunner.privateRun(TestRunner.java:756) [testng-6.10.jar:?]
	at org.testng.TestRunner.run(TestRunner.java:610) [testng-6.10.jar:?]
	at org.testng.SuiteRunner.runTest(SuiteRunner.java:387) [testng-6.10.jar:?]
	at org.testng.SuiteRunner.runSequentially(SuiteRunner.java:382) [testng-6.10.jar:?]
	at org.testng.SuiteRunner.privateRun(SuiteRunner.java:340) [testng-6.10.jar:?]
	at org.testng.SuiteRunner.run(SuiteRunner.java:289) [testng-6.10.jar:?]
	at org.testng.SuiteRunnerWorker.runSuite(SuiteRunnerWorker.java:52) [testng-6.10.jar:?]
	at org.testng.SuiteRunnerWorker.run(SuiteRunnerWorker.java:86) [testng-6.10.jar:?]
	at org.testng.TestNG.runSuitesSequentially(TestNG.java:1293) [testng-6.10.jar:?]
	at org.testng.TestNG.runSuitesLocally(TestNG.java:1218) [testng-6.10.jar:?]
	at org.testng.TestNG.runSuites(TestNG.java:1133) [testng-6.10.jar:?]
	at org.testng.TestNG.run(TestNG.java:1104) [testng-6.10.jar:?]
	at org.apache.maven.surefire.testng.TestNGExecutor.run(TestNGExecutor.java:295) [surefire-testng-2.18.1.jar:2.18.1]
	at org.apache.maven.surefire.testng.TestNGXmlTestSuite.execute(TestNGXmlTestSuite.java:84) [surefire-testng-2.18.1.jar:2.18.1]
	at org.apache.maven.surefire.testng.TestNGProvider.invoke(TestNGProvider.java:90) [surefire-testng-2.18.1.jar:2.18.1]
	at org.apache.maven.surefire.booter.ForkedBooter.invokeProviderInSameClassLoader(ForkedBooter.java:203) [surefire-booter-2.18.1.jar:2.18.1]
	at org.apache.maven.surefire.booter.ForkedBooter.runSuitesInProcess(ForkedBooter.java:155) [surefire-booter-2.18.1.jar:2.18.1]
	at org.apache.maven.surefire.booter.ForkedBooter.main(ForkedBooter.java:103) [surefire-booter-2.18.1.jar:2.18.1]
16:22:55  [ERROR] : java.lang.NullPointerException
java.lang.NullPointerException: null
	at com.testing.UI.DataDrivenOfWeb.click(DataDrivenOfWeb.java:133) [classes/:?]
	at sun.reflect.NativeMethodAccessorImpl.invoke0(Native Method) ~[?:1.8.0_171]
	at sun.reflect.NativeMethodAccessorImpl.invoke(NativeMethodAccessorImpl.java:62) ~[?:1.8.0_171]
	at sun.reflect.DelegatingMethodAccessorImpl.invoke(DelegatingMethodAccessorImpl.java:43) ~[?:1.8.0_171]
	at java.lang.reflect.Method.invoke(Method.java:498) ~[?:1.8.0_171]
	at com.testing.allureTest.dataDriven.runUIWithInvoke(dataDriven.java:65) [test-classes/:?]
	at com.testing.allureTest.dataDriven.f(dataDriven.java:30) [test-classes/:?]
	at sun.reflect.GeneratedMethodAccessor2.invoke(Unknown Source) ~[?:?]
	at sun.reflect.DelegatingMethodAccessorImpl.invoke(DelegatingMethodAccessorImpl.java:43) ~[?:1.8.0_171]
	at java.lang.reflect.Method.invoke(Method.java:498) ~[?:1.8.0_171]
	at org.testng.internal.MethodInvocationHelper.invokeMethod(MethodInvocationHelper.java:104) [testng-6.10.jar:?]
	at org.testng.internal.Invoker.invokeMethod(Invoker.java:645) [testng-6.10.jar:?]
	at org.testng.internal.Invoker.invokeTestMethod(Invoker.java:851) [testng-6.10.jar:?]
	at org.testng.internal.Invoker.invokeTestMethods(Invoker.java:1177) [testng-6.10.jar:?]
	at org.testng.internal.TestMethodWorker.invokeTestMethods(TestMethodWorker.java:129) [testng-6.10.jar:?]
	at org.testng.internal.TestMethodWorker.run(TestMethodWorker.java:112) [testng-6.10.jar:?]
	at org.testng.TestRunner.privateRun(TestRunner.java:756) [testng-6.10.jar:?]
	at org.testng.TestRunner.run(TestRunner.java:610) [testng-6.10.jar:?]
	at org.testng.SuiteRunner.runTest(SuiteRunner.java:387) [testng-6.10.jar:?]
	at org.testng.SuiteRunner.runSequentially(SuiteRunner.java:382) [testng-6.10.jar:?]
	at org.testng.SuiteRunner.privateRun(SuiteRunner.java:340) [testng-6.10.jar:?]
	at org.testng.SuiteRunner.run(SuiteRunner.java:289) [testng-6.10.jar:?]
	at org.testng.SuiteRunnerWorker.runSuite(SuiteRunnerWorker.java:52) [testng-6.10.jar:?]
	at org.testng.SuiteRunnerWorker.run(SuiteRunnerWorker.java:86) [testng-6.10.jar:?]
	at org.testng.TestNG.runSuitesSequentially(TestNG.java:1293) [testng-6.10.jar:?]
	at org.testng.TestNG.runSuitesLocally(TestNG.java:1218) [testng-6.10.jar:?]
	at org.testng.TestNG.runSuites(TestNG.java:1133) [testng-6.10.jar:?]
	at org.testng.TestNG.run(TestNG.java:1104) [testng-6.10.jar:?]
	at org.apache.maven.surefire.testng.TestNGExecutor.run(TestNGExecutor.java:295) [surefire-testng-2.18.1.jar:2.18.1]
	at org.apache.maven.surefire.testng.TestNGXmlTestSuite.execute(TestNGXmlTestSuite.java:84) [surefire-testng-2.18.1.jar:2.18.1]
	at org.apache.maven.surefire.testng.TestNGProvider.invoke(TestNGProvider.java:90) [surefire-testng-2.18.1.jar:2.18.1]
	at org.apache.maven.surefire.booter.ForkedBooter.invokeProviderInSameClassLoader(ForkedBooter.java:203) [surefire-booter-2.18.1.jar:2.18.1]
	at org.apache.maven.surefire.booter.ForkedBooter.runSuitesInProcess(ForkedBooter.java:155) [surefire-booter-2.18.1.jar:2.18.1]
	at org.apache.maven.surefire.booter.ForkedBooter.main(ForkedBooter.java:103) [surefire-booter-2.18.1.jar:2.18.1]
16:22:55  [ERROR] : java.lang.NullPointerException
java.lang.NullPointerException: null
	at com.testing.UI.DataDrivenOfWeb.closeBrowser(DataDrivenOfWeb.java:202) [classes/:?]
	at sun.reflect.NativeMethodAccessorImpl.invoke0(Native Method) ~[?:1.8.0_171]
	at sun.reflect.NativeMethodAccessorImpl.invoke(NativeMethodAccessorImpl.java:62) ~[?:1.8.0_171]
	at sun.reflect.DelegatingMethodAccessorImpl.invoke(DelegatingMethodAccessorImpl.java:43) ~[?:1.8.0_171]
	at java.lang.reflect.Method.invoke(Method.java:498) ~[?:1.8.0_171]
	at com.testing.allureTest.dataDriven.runUIWithInvoke(dataDriven.java:58) [test-classes/:?]
	at com.testing.allureTest.dataDriven.f(dataDriven.java:30) [test-classes/:?]
	at sun.reflect.GeneratedMethodAccessor2.invoke(Unknown Source) ~[?:?]
	at sun.reflect.DelegatingMethodAccessorImpl.invoke(DelegatingMethodAccessorImpl.java:43) ~[?:1.8.0_171]
	at java.lang.reflect.Method.invoke(Method.java:498) ~[?:1.8.0_171]
	at org.testng.internal.MethodInvocationHelper.invokeMethod(MethodInvocationHelper.java:104) [testng-6.10.jar:?]
	at org.testng.internal.Invoker.invokeMethod(Invoker.java:645) [testng-6.10.jar:?]
	at org.testng.internal.Invoker.invokeTestMethod(Invoker.java:851) [testng-6.10.jar:?]
	at org.testng.internal.Invoker.invokeTestMethods(Invoker.java:1177) [testng-6.10.jar:?]
	at org.testng.internal.TestMethodWorker.invokeTestMethods(TestMethodWorker.java:129) [testng-6.10.jar:?]
	at org.testng.internal.TestMethodWorker.run(TestMethodWorker.java:112) [testng-6.10.jar:?]
	at org.testng.TestRunner.privateRun(TestRunner.java:756) [testng-6.10.jar:?]
	at org.testng.TestRunner.run(TestRunner.java:610) [testng-6.10.jar:?]
	at org.testng.SuiteRunner.runTest(SuiteRunner.java:387) [testng-6.10.jar:?]
	at org.testng.SuiteRunner.runSequentially(SuiteRunner.java:382) [testng-6.10.jar:?]
	at org.testng.SuiteRunner.privateRun(SuiteRunner.java:340) [testng-6.10.jar:?]
	at org.testng.SuiteRunner.run(SuiteRunner.java:289) [testng-6.10.jar:?]
	at org.testng.SuiteRunnerWorker.runSuite(SuiteRunnerWorker.java:52) [testng-6.10.jar:?]
	at org.testng.SuiteRunnerWorker.run(SuiteRunnerWorker.java:86) [testng-6.10.jar:?]
	at org.testng.TestNG.runSuitesSequentially(TestNG.java:1293) [testng-6.10.jar:?]
	at org.testng.TestNG.runSuitesLocally(TestNG.java:1218) [testng-6.10.jar:?]
	at org.testng.TestNG.runSuites(TestNG.java:1133) [testng-6.10.jar:?]
	at org.testng.TestNG.run(TestNG.java:1104) [testng-6.10.jar:?]
	at org.apache.maven.surefire.testng.TestNGExecutor.run(TestNGExecutor.java:295) [surefire-testng-2.18.1.jar:2.18.1]
	at org.apache.maven.surefire.testng.TestNGXmlTestSuite.execute(TestNGXmlTestSuite.java:84) [surefire-testng-2.18.1.jar:2.18.1]
	at org.apache.maven.surefire.testng.TestNGProvider.invoke(TestNGProvider.java:90) [surefire-testng-2.18.1.jar:2.18.1]
	at org.apache.maven.surefire.booter.ForkedBooter.invokeProviderInSameClassLoader(ForkedBooter.java:203) [surefire-booter-2.18.1.jar:2.18.1]
	at org.apache.maven.surefire.booter.ForkedBooter.runSuitesInProcess(ForkedBooter.java:155) [surefire-booter-2.18.1.jar:2.18.1]
	at org.apache.maven.surefire.booter.ForkedBooter.main(ForkedBooter.java:103) [surefire-booter-2.18.1.jar:2.18.1]
16:22:56  [INFO ] : chrome浏览器启动
16:22:56  [ERROR] : java.lang.NullPointerException
java.lang.NullPointerException: null
	at com.testing.UI.DataDrivenOfWeb.visitWeb(DataDrivenOfWeb.java:103) [classes/:?]
	at com.testing.UI.DataDrivenOfWeb.login(DataDrivenOfWeb.java:411) [classes/:?]
	at sun.reflect.NativeMethodAccessorImpl.invoke0(Native Method) ~[?:1.8.0_171]
	at sun.reflect.NativeMethodAccessorImpl.invoke(NativeMethodAccessorImpl.java:62) ~[?:1.8.0_171]
	at sun.reflect.DelegatingMethodAccessorImpl.invoke(DelegatingMethodAccessorImpl.java:43) ~[?:1.8.0_171]
	at java.lang.reflect.Method.invoke(Method.java:498) ~[?:1.8.0_171]
	at com.testing.allureTest.dataDriven.runUIWithInvoke(dataDriven.java:72) [test-classes/:?]
	at com.testing.allureTest.dataDriven.f(dataDriven.java:30) [test-classes/:?]
	at sun.reflect.GeneratedMethodAccessor2.invoke(Unknown Source) ~[?:?]
	at sun.reflect.DelegatingMethodAccessorImpl.invoke(DelegatingMethodAccessorImpl.java:43) ~[?:1.8.0_171]
	at java.lang.reflect.Method.invoke(Method.java:498) ~[?:1.8.0_171]
	at org.testng.internal.MethodInvocationHelper.invokeMethod(MethodInvocationHelper.java:104) [testng-6.10.jar:?]
	at org.testng.internal.Invoker.invokeMethod(Invoker.java:645) [testng-6.10.jar:?]
	at org.testng.internal.Invoker.invokeTestMethod(Invoker.java:851) [testng-6.10.jar:?]
	at org.testng.internal.Invoker.invokeTestMethods(Invoker.java:1177) [testng-6.10.jar:?]
	at org.testng.internal.TestMethodWorker.invokeTestMethods(TestMethodWorker.java:129) [testng-6.10.jar:?]
	at org.testng.internal.TestMethodWorker.run(TestMethodWorker.java:112) [testng-6.10.jar:?]
	at org.testng.TestRunner.privateRun(TestRunner.java:756) [testng-6.10.jar:?]
	at org.testng.TestRunner.run(TestRunner.java:610) [testng-6.10.jar:?]
	at org.testng.SuiteRunner.runTest(SuiteRunner.java:387) [testng-6.10.jar:?]
	at org.testng.SuiteRunner.runSequentially(SuiteRunner.java:382) [testng-6.10.jar:?]
	at org.testng.SuiteRunner.privateRun(SuiteRunner.java:340) [testng-6.10.jar:?]
	at org.testng.SuiteRunner.run(SuiteRunner.java:289) [testng-6.10.jar:?]
	at org.testng.SuiteRunnerWorker.runSuite(SuiteRunnerWorker.java:52) [testng-6.10.jar:?]
	at org.testng.SuiteRunnerWorker.run(SuiteRunnerWorker.java:86) [testng-6.10.jar:?]
	at org.testng.TestNG.runSuitesSequentially(TestNG.java:1293) [testng-6.10.jar:?]
	at org.testng.TestNG.runSuitesLocally(TestNG.java:1218) [testng-6.10.jar:?]
	at org.testng.TestNG.runSuites(TestNG.java:1133) [testng-6.10.jar:?]
	at org.testng.TestNG.run(TestNG.java:1104) [testng-6.10.jar:?]
	at org.apache.maven.surefire.testng.TestNGExecutor.run(TestNGExecutor.java:295) [surefire-testng-2.18.1.jar:2.18.1]
	at org.apache.maven.surefire.testng.TestNGXmlTestSuite.execute(TestNGXmlTestSuite.java:84) [surefire-testng-2.18.1.jar:2.18.1]
	at org.apache.maven.surefire.testng.TestNGProvider.invoke(TestNGProvider.java:90) [surefire-testng-2.18.1.jar:2.18.1]
	at org.apache.maven.surefire.booter.ForkedBooter.invokeProviderInSameClassLoader(ForkedBooter.java:203) [surefire-booter-2.18.1.jar:2.18.1]
	at org.apache.maven.surefire.booter.ForkedBooter.runSuitesInProcess(ForkedBooter.java:155) [surefire-booter-2.18.1.jar:2.18.1]
	at org.apache.maven.surefire.booter.ForkedBooter.main(ForkedBooter.java:103) [surefire-booter-2.18.1.jar:2.18.1]
16:22:56  [ERROR] : java.lang.NullPointerException
java.lang.NullPointerException: null
	at com.testing.UI.DataDrivenOfWeb.explicitlyWait(DataDrivenOfWeb.java:172) [classes/:?]
	at com.testing.UI.DataDrivenOfWeb.click(DataDrivenOfWeb.java:128) [classes/:?]
	at com.testing.UI.DataDrivenOfWeb.login(DataDrivenOfWeb.java:412) [classes/:?]
	at sun.reflect.NativeMethodAccessorImpl.invoke0(Native Method) ~[?:1.8.0_171]
	at sun.reflect.NativeMethodAccessorImpl.invoke(NativeMethodAccessorImpl.java:62) ~[?:1.8.0_171]
	at sun.reflect.DelegatingMethodAccessorImpl.invoke(DelegatingMethodAccessorImpl.java:43) ~[?:1.8.0_171]
	at java.lang.reflect.Method.invoke(Method.java:498) ~[?:1.8.0_171]
	at com.testing.allureTest.dataDriven.runUIWithInvoke(dataDriven.java:72) [test-classes/:?]
	at com.testing.allureTest.dataDriven.f(dataDriven.java:30) [test-classes/:?]
	at sun.reflect.GeneratedMethodAccessor2.invoke(Unknown Source) ~[?:?]
	at sun.reflect.DelegatingMethodAccessorImpl.invoke(DelegatingMethodAccessorImpl.java:43) ~[?:1.8.0_171]
	at java.lang.reflect.Method.invoke(Method.java:498) ~[?:1.8.0_171]
	at org.testng.internal.MethodInvocationHelper.invokeMethod(MethodInvocationHelper.java:104) [testng-6.10.jar:?]
	at org.testng.internal.Invoker.invokeMethod(Invoker.java:645) [testng-6.10.jar:?]
	at org.testng.internal.Invoker.invokeTestMethod(Invoker.java:851) [testng-6.10.jar:?]
	at org.testng.internal.Invoker.invokeTestMethods(Invoker.java:1177) [testng-6.10.jar:?]
	at org.testng.internal.TestMethodWorker.invokeTestMethods(TestMethodWorker.java:129) [testng-6.10.jar:?]
	at org.testng.internal.TestMethodWorker.run(TestMethodWorker.java:112) [testng-6.10.jar:?]
	at org.testng.TestRunner.privateRun(TestRunner.java:756) [testng-6.10.jar:?]
	at org.testng.TestRunner.run(TestRunner.java:610) [testng-6.10.jar:?]
	at org.testng.SuiteRunner.runTest(SuiteRunner.java:387) [testng-6.10.jar:?]
	at org.testng.SuiteRunner.runSequentially(SuiteRunner.java:382) [testng-6.10.jar:?]
	at org.testng.SuiteRunner.privateRun(SuiteRunner.java:340) [testng-6.10.jar:?]
	at org.testng.SuiteRunner.run(SuiteRunner.java:289) [testng-6.10.jar:?]
	at org.testng.SuiteRunnerWorker.runSuite(SuiteRunnerWorker.java:52) [testng-6.10.jar:?]
	at org.testng.SuiteRunnerWorker.run(SuiteRunnerWorker.java:86) [testng-6.10.jar:?]
	at org.testng.TestNG.runSuitesSequentially(TestNG.java:1293) [testng-6.10.jar:?]
	at org.testng.TestNG.runSuitesLocally(TestNG.java:1218) [testng-6.10.jar:?]
	at org.testng.TestNG.runSuites(TestNG.java:1133) [testng-6.10.jar:?]
	at org.testng.TestNG.run(TestNG.java:1104) [testng-6.10.jar:?]
	at org.apache.maven.surefire.testng.TestNGExecutor.run(TestNGExecutor.java:295) [surefire-testng-2.18.1.jar:2.18.1]
	at org.apache.maven.surefire.testng.TestNGXmlTestSuite.execute(TestNGXmlTestSuite.java:84) [surefire-testng-2.18.1.jar:2.18.1]
	at org.apache.maven.surefire.testng.TestNGProvider.invoke(TestNGProvider.java:90) [surefire-testng-2.18.1.jar:2.18.1]
	at org.apache.maven.surefire.booter.ForkedBooter.invokeProviderInSameClassLoader(ForkedBooter.java:203) [surefire-booter-2.18.1.jar:2.18.1]
	at org.apache.maven.surefire.booter.ForkedBooter.runSuitesInProcess(ForkedBooter.java:155) [surefire-booter-2.18.1.jar:2.18.1]
	at org.apache.maven.surefire.booter.ForkedBooter.main(ForkedBooter.java:103) [surefire-booter-2.18.1.jar:2.18.1]
16:22:56  [ERROR] : java.lang.NullPointerException
java.lang.NullPointerException: null
	at com.testing.UI.DataDrivenOfWeb.click(DataDrivenOfWeb.java:133) [classes/:?]
	at com.testing.UI.DataDrivenOfWeb.login(DataDrivenOfWeb.java:412) [classes/:?]
	at sun.reflect.NativeMethodAccessorImpl.invoke0(Native Method) ~[?:1.8.0_171]
	at sun.reflect.NativeMethodAccessorImpl.invoke(NativeMethodAccessorImpl.java:62) ~[?:1.8.0_171]
	at sun.reflect.DelegatingMethodAccessorImpl.invoke(DelegatingMethodAccessorImpl.java:43) ~[?:1.8.0_171]
	at java.lang.reflect.Method.invoke(Method.java:498) ~[?:1.8.0_171]
	at com.testing.allureTest.dataDriven.runUIWithInvoke(dataDriven.java:72) [test-classes/:?]
	at com.testing.allureTest.dataDriven.f(dataDriven.java:30) [test-classes/:?]
	at sun.reflect.GeneratedMethodAccessor2.invoke(Unknown Source) ~[?:?]
	at sun.reflect.DelegatingMethodAccessorImpl.invoke(DelegatingMethodAccessorImpl.java:43) ~[?:1.8.0_171]
	at java.lang.reflect.Method.invoke(Method.java:498) ~[?:1.8.0_171]
	at org.testng.internal.MethodInvocationHelper.invokeMethod(MethodInvocationHelper.java:104) [testng-6.10.jar:?]
	at org.testng.internal.Invoker.invokeMethod(Invoker.java:645) [testng-6.10.jar:?]
	at org.testng.internal.Invoker.invokeTestMethod(Invoker.java:851) [testng-6.10.jar:?]
	at org.testng.internal.Invoker.invokeTestMethods(Invoker.java:1177) [testng-6.10.jar:?]
	at org.testng.internal.TestMethodWorker.invokeTestMethods(TestMethodWorker.java:129) [testng-6.10.jar:?]
	at org.testng.internal.TestMethodWorker.run(TestMethodWorker.java:112) [testng-6.10.jar:?]
	at org.testng.TestRunner.privateRun(TestRunner.java:756) [testng-6.10.jar:?]
	at org.testng.TestRunner.run(TestRunner.java:610) [testng-6.10.jar:?]
	at org.testng.SuiteRunner.runTest(SuiteRunner.java:387) [testng-6.10.jar:?]
	at org.testng.SuiteRunner.runSequentially(SuiteRunner.java:382) [testng-6.10.jar:?]
	at org.testng.SuiteRunner.privateRun(SuiteRunner.java:340) [testng-6.10.jar:?]
	at org.testng.SuiteRunner.run(SuiteRunner.java:289) [testng-6.10.jar:?]
	at org.testng.SuiteRunnerWorker.runSuite(SuiteRunnerWorker.java:52) [testng-6.10.jar:?]
	at org.testng.SuiteRunnerWorker.run(SuiteRunnerWorker.java:86) [testng-6.10.jar:?]
	at org.testng.TestNG.runSuitesSequentially(TestNG.java:1293) [testng-6.10.jar:?]
	at org.testng.TestNG.runSuitesLocally(TestNG.java:1218) [testng-6.10.jar:?]
	at org.testng.TestNG.runSuites(TestNG.java:1133) [testng-6.10.jar:?]
	at org.testng.TestNG.run(TestNG.java:1104) [testng-6.10.jar:?]
	at org.apache.maven.surefire.testng.TestNGExecutor.run(TestNGExecutor.java:295) [surefire-testng-2.18.1.jar:2.18.1]
	at org.apache.maven.surefire.testng.TestNGXmlTestSuite.execute(TestNGXmlTestSuite.java:84) [surefire-testng-2.18.1.jar:2.18.1]
	at org.apache.maven.surefire.testng.TestNGProvider.invoke(TestNGProvider.java:90) [surefire-testng-2.18.1.jar:2.18.1]
	at org.apache.maven.surefire.booter.ForkedBooter.invokeProviderInSameClassLoader(ForkedBooter.java:203) [surefire-booter-2.18.1.jar:2.18.1]
	at org.apache.maven.surefire.booter.ForkedBooter.runSuitesInProcess(ForkedBooter.java:155) [surefire-booter-2.18.1.jar:2.18.1]
	at org.apache.maven.surefire.booter.ForkedBooter.main(ForkedBooter.java:103) [surefire-booter-2.18.1.jar:2.18.1]
16:22:56  [ERROR] : java.lang.NullPointerException
java.lang.NullPointerException: null
	at com.testing.UI.DataDrivenOfWeb.visitWeb(DataDrivenOfWeb.java:103) [classes/:?]
	at sun.reflect.NativeMethodAccessorImpl.invoke0(Native Method) ~[?:1.8.0_171]
	at sun.reflect.NativeMethodAccessorImpl.invoke(NativeMethodAccessorImpl.java:62) ~[?:1.8.0_171]
	at sun.reflect.DelegatingMethodAccessorImpl.invoke(DelegatingMethodAccessorImpl.java:43) ~[?:1.8.0_171]
	at java.lang.reflect.Method.invoke(Method.java:498) ~[?:1.8.0_171]
	at com.testing.allureTest.dataDriven.runUIWithInvoke(dataDriven.java:65) [test-classes/:?]
	at com.testing.allureTest.dataDriven.f(dataDriven.java:30) [test-classes/:?]
	at sun.reflect.GeneratedMethodAccessor2.invoke(Unknown Source) ~[?:?]
	at sun.reflect.DelegatingMethodAccessorImpl.invoke(DelegatingMethodAccessorImpl.java:43) ~[?:1.8.0_171]
	at java.lang.reflect.Method.invoke(Method.java:498) ~[?:1.8.0_171]
	at org.testng.internal.MethodInvocationHelper.invokeMethod(MethodInvocationHelper.java:104) [testng-6.10.jar:?]
	at org.testng.internal.Invoker.invokeMethod(Invoker.java:645) [testng-6.10.jar:?]
	at org.testng.internal.Invoker.invokeTestMethod(Invoker.java:851) [testng-6.10.jar:?]
	at org.testng.internal.Invoker.invokeTestMethods(Invoker.java:1177) [testng-6.10.jar:?]
	at org.testng.internal.TestMethodWorker.invokeTestMethods(TestMethodWorker.java:129) [testng-6.10.jar:?]
	at org.testng.internal.TestMethodWorker.run(TestMethodWorker.java:112) [testng-6.10.jar:?]
	at org.testng.TestRunner.privateRun(TestRunner.java:756) [testng-6.10.jar:?]
	at org.testng.TestRunner.run(TestRunner.java:610) [testng-6.10.jar:?]
	at org.testng.SuiteRunner.runTest(SuiteRunner.java:387) [testng-6.10.jar:?]
	at org.testng.SuiteRunner.runSequentially(SuiteRunner.java:382) [testng-6.10.jar:?]
	at org.testng.SuiteRunner.privateRun(SuiteRunner.java:340) [testng-6.10.jar:?]
	at org.testng.SuiteRunner.run(SuiteRunner.java:289) [testng-6.10.jar:?]
	at org.testng.SuiteRunnerWorker.runSuite(SuiteRunnerWorker.java:52) [testng-6.10.jar:?]
	at org.testng.SuiteRunnerWorker.run(SuiteRunnerWorker.java:86) [testng-6.10.jar:?]
	at org.testng.TestNG.runSuitesSequentially(TestNG.java:1293) [testng-6.10.jar:?]
	at org.testng.TestNG.runSuitesLocally(TestNG.java:1218) [testng-6.10.jar:?]
	at org.testng.TestNG.runSuites(TestNG.java:1133) [testng-6.10.jar:?]
	at org.testng.TestNG.run(TestNG.java:1104) [testng-6.10.jar:?]
	at org.apache.maven.surefire.testng.TestNGExecutor.run(TestNGExecutor.java:295) [surefire-testng-2.18.1.jar:2.18.1]
	at org.apache.maven.surefire.testng.TestNGXmlTestSuite.execute(TestNGXmlTestSuite.java:84) [surefire-testng-2.18.1.jar:2.18.1]
	at org.apache.maven.surefire.testng.TestNGProvider.invoke(TestNGProvider.java:90) [surefire-testng-2.18.1.jar:2.18.1]
	at org.apache.maven.surefire.booter.ForkedBooter.invokeProviderInSameClassLoader(ForkedBooter.java:203) [surefire-booter-2.18.1.jar:2.18.1]
	at org.apache.maven.surefire.booter.ForkedBooter.runSuitesInProcess(ForkedBooter.java:155) [surefire-booter-2.18.1.jar:2.18.1]
	at org.apache.maven.surefire.booter.ForkedBooter.main(ForkedBooter.java:103) [surefire-booter-2.18.1.jar:2.18.1]
16:22:56  [ERROR] : java.lang.NullPointerException
java.lang.NullPointerException: null
	at com.testing.UI.DataDrivenOfWeb.explicitlyWait(DataDrivenOfWeb.java:172) [classes/:?]
	at com.testing.UI.DataDrivenOfWeb.input(DataDrivenOfWeb.java:114) [classes/:?]
	at sun.reflect.NativeMethodAccessorImpl.invoke0(Native Method) ~[?:1.8.0_171]
	at sun.reflect.NativeMethodAccessorImpl.invoke(NativeMethodAccessorImpl.java:62) ~[?:1.8.0_171]
	at sun.reflect.DelegatingMethodAccessorImpl.invoke(DelegatingMethodAccessorImpl.java:43) ~[?:1.8.0_171]
	at java.lang.reflect.Method.invoke(Method.java:498) ~[?:1.8.0_171]
	at com.testing.allureTest.dataDriven.runUIWithInvoke(dataDriven.java:72) [test-classes/:?]
	at com.testing.allureTest.dataDriven.f(dataDriven.java:30) [test-classes/:?]
	at sun.reflect.GeneratedMethodAccessor2.invoke(Unknown Source) ~[?:?]
	at sun.reflect.DelegatingMethodAccessorImpl.invoke(DelegatingMethodAccessorImpl.java:43) ~[?:1.8.0_171]
	at java.lang.reflect.Method.invoke(Method.java:498) ~[?:1.8.0_171]
	at org.testng.internal.MethodInvocationHelper.invokeMethod(MethodInvocationHelper.java:104) [testng-6.10.jar:?]
	at org.testng.internal.Invoker.invokeMethod(Invoker.java:645) [testng-6.10.jar:?]
	at org.testng.internal.Invoker.invokeTestMethod(Invoker.java:851) [testng-6.10.jar:?]
	at org.testng.internal.Invoker.invokeTestMethods(Invoker.java:1177) [testng-6.10.jar:?]
	at org.testng.internal.TestMethodWorker.invokeTestMethods(TestMethodWorker.java:129) [testng-6.10.jar:?]
	at org.testng.internal.TestMethodWorker.run(TestMethodWorker.java:112) [testng-6.10.jar:?]
	at org.testng.TestRunner.privateRun(TestRunner.java:756) [testng-6.10.jar:?]
	at org.testng.TestRunner.run(TestRunner.java:610) [testng-6.10.jar:?]
	at org.testng.SuiteRunner.runTest(SuiteRunner.java:387) [testng-6.10.jar:?]
	at org.testng.SuiteRunner.runSequentially(SuiteRunner.java:382) [testng-6.10.jar:?]
	at org.testng.SuiteRunner.privateRun(SuiteRunner.java:340) [testng-6.10.jar:?]
	at org.testng.SuiteRunner.run(SuiteRunner.java:289) [testng-6.10.jar:?]
	at org.testng.SuiteRunnerWorker.runSuite(SuiteRunnerWorker.java:52) [testng-6.10.jar:?]
	at org.testng.SuiteRunnerWorker.run(SuiteRunnerWorker.java:86) [testng-6.10.jar:?]
	at org.testng.TestNG.runSuitesSequentially(TestNG.java:1293) [testng-6.10.jar:?]
	at org.testng.TestNG.runSuitesLocally(TestNG.java:1218) [testng-6.10.jar:?]
	at org.testng.TestNG.runSuites(TestNG.java:1133) [testng-6.10.jar:?]
	at org.testng.TestNG.run(TestNG.java:1104) [testng-6.10.jar:?]
	at org.apache.maven.surefire.testng.TestNGExecutor.run(TestNGExecutor.java:295) [surefire-testng-2.18.1.jar:2.18.1]
	at org.apache.maven.surefire.testng.TestNGXmlTestSuite.execute(TestNGXmlTestSuite.java:84) [surefire-testng-2.18.1.jar:2.18.1]
	at org.apache.maven.surefire.testng.TestNGProvider.invoke(TestNGProvider.java:90) [surefire-testng-2.18.1.jar:2.18.1]
	at org.apache.maven.surefire.booter.ForkedBooter.invokeProviderInSameClassLoader(ForkedBooter.java:203) [surefire-booter-2.18.1.jar:2.18.1]
	at org.apache.maven.surefire.booter.ForkedBooter.runSuitesInProcess(ForkedBooter.java:155) [surefire-booter-2.18.1.jar:2.18.1]
	at org.apache.maven.surefire.booter.ForkedBooter.main(ForkedBooter.java:103) [surefire-booter-2.18.1.jar:2.18.1]
16:22:56  [ERROR] : java.lang.NullPointerException
java.lang.NullPointerException: null
	at com.testing.UI.DataDrivenOfWeb.input(DataDrivenOfWeb.java:120) [classes/:?]
	at sun.reflect.NativeMethodAccessorImpl.invoke0(Native Method) ~[?:1.8.0_171]
	at sun.reflect.NativeMethodAccessorImpl.invoke(NativeMethodAccessorImpl.java:62) ~[?:1.8.0_171]
	at sun.reflect.DelegatingMethodAccessorImpl.invoke(DelegatingMethodAccessorImpl.java:43) ~[?:1.8.0_171]
	at java.lang.reflect.Method.invoke(Method.java:498) ~[?:1.8.0_171]
	at com.testing.allureTest.dataDriven.runUIWithInvoke(dataDriven.java:72) [test-classes/:?]
	at com.testing.allureTest.dataDriven.f(dataDriven.java:30) [test-classes/:?]
	at sun.reflect.GeneratedMethodAccessor2.invoke(Unknown Source) ~[?:?]
	at sun.reflect.DelegatingMethodAccessorImpl.invoke(DelegatingMethodAccessorImpl.java:43) ~[?:1.8.0_171]
	at java.lang.reflect.Method.invoke(Method.java:498) ~[?:1.8.0_171]
	at org.testng.internal.MethodInvocationHelper.invokeMethod(MethodInvocationHelper.java:104) [testng-6.10.jar:?]
	at org.testng.internal.Invoker.invokeMethod(Invoker.java:645) [testng-6.10.jar:?]
	at org.testng.internal.Invoker.invokeTestMethod(Invoker.java:851) [testng-6.10.jar:?]
	at org.testng.internal.Invoker.invokeTestMethods(Invoker.java:1177) [testng-6.10.jar:?]
	at org.testng.internal.TestMethodWorker.invokeTestMethods(TestMethodWorker.java:129) [testng-6.10.jar:?]
	at org.testng.internal.TestMethodWorker.run(TestMethodWorker.java:112) [testng-6.10.jar:?]
	at org.testng.TestRunner.privateRun(TestRunner.java:756) [testng-6.10.jar:?]
	at org.testng.TestRunner.run(TestRunner.java:610) [testng-6.10.jar:?]
	at org.testng.SuiteRunner.runTest(SuiteRunner.java:387) [testng-6.10.jar:?]
	at org.testng.SuiteRunner.runSequentially(SuiteRunner.java:382) [testng-6.10.jar:?]
	at org.testng.SuiteRunner.privateRun(SuiteRunner.java:340) [testng-6.10.jar:?]
	at org.testng.SuiteRunner.run(SuiteRunner.java:289) [testng-6.10.jar:?]
	at org.testng.SuiteRunnerWorker.runSuite(SuiteRunnerWorker.java:52) [testng-6.10.jar:?]
	at org.testng.SuiteRunnerWorker.run(SuiteRunnerWorker.java:86) [testng-6.10.jar:?]
	at org.testng.TestNG.runSuitesSequentially(TestNG.java:1293) [testng-6.10.jar:?]
	at org.testng.TestNG.runSuitesLocally(TestNG.java:1218) [testng-6.10.jar:?]
	at org.testng.TestNG.runSuites(TestNG.java:1133) [testng-6.10.jar:?]
	at org.testng.TestNG.run(TestNG.java:1104) [testng-6.10.jar:?]
	at org.apache.maven.surefire.testng.TestNGExecutor.run(TestNGExecutor.java:295) [surefire-testng-2.18.1.jar:2.18.1]
	at org.apache.maven.surefire.testng.TestNGXmlTestSuite.execute(TestNGXmlTestSuite.java:84) [surefire-testng-2.18.1.jar:2.18.1]
	at org.apache.maven.surefire.testng.TestNGProvider.invoke(TestNGProvider.java:90) [surefire-testng-2.18.1.jar:2.18.1]
	at org.apache.maven.surefire.booter.ForkedBooter.invokeProviderInSameClassLoader(ForkedBooter.java:203) [surefire-booter-2.18.1.jar:2.18.1]
	at org.apache.maven.surefire.booter.ForkedBooter.runSuitesInProcess(ForkedBooter.java:155) [surefire-booter-2.18.1.jar:2.18.1]
	at org.apache.maven.surefire.booter.ForkedBooter.main(ForkedBooter.java:103) [surefire-booter-2.18.1.jar:2.18.1]
16:22:56  [ERROR] : java.lang.NullPointerException
java.lang.NullPointerException: null
	at com.testing.UI.DataDrivenOfWeb.explicitlyWait(DataDrivenOfWeb.java:172) [classes/:?]
	at com.testing.UI.DataDrivenOfWeb.click(DataDrivenOfWeb.java:128) [classes/:?]
	at sun.reflect.NativeMethodAccessorImpl.invoke0(Native Method) ~[?:1.8.0_171]
	at sun.reflect.NativeMethodAccessorImpl.invoke(NativeMethodAccessorImpl.java:62) ~[?:1.8.0_171]
	at sun.reflect.DelegatingMethodAccessorImpl.invoke(DelegatingMethodAccessorImpl.java:43) ~[?:1.8.0_171]
	at java.lang.reflect.Method.invoke(Method.java:498) ~[?:1.8.0_171]
	at com.testing.allureTest.dataDriven.runUIWithInvoke(dataDriven.java:65) [test-classes/:?]
	at com.testing.allureTest.dataDriven.f(dataDriven.java:30) [test-classes/:?]
	at sun.reflect.GeneratedMethodAccessor2.invoke(Unknown Source) ~[?:?]
	at sun.reflect.DelegatingMethodAccessorImpl.invoke(DelegatingMethodAccessorImpl.java:43) ~[?:1.8.0_171]
	at java.lang.reflect.Method.invoke(Method.java:498) ~[?:1.8.0_171]
	at org.testng.internal.MethodInvocationHelper.invokeMethod(MethodInvocationHelper.java:104) [testng-6.10.jar:?]
	at org.testng.internal.Invoker.invokeMethod(Invoker.java:645) [testng-6.10.jar:?]
	at org.testng.internal.Invoker.invokeTestMethod(Invoker.java:851) [testng-6.10.jar:?]
	at org.testng.internal.Invoker.invokeTestMethods(Invoker.java:1177) [testng-6.10.jar:?]
	at org.testng.internal.TestMethodWorker.invokeTestMethods(TestMethodWorker.java:129) [testng-6.10.jar:?]
	at org.testng.internal.TestMethodWorker.run(TestMethodWorker.java:112) [testng-6.10.jar:?]
	at org.testng.TestRunner.privateRun(TestRunner.java:756) [testng-6.10.jar:?]
	at org.testng.TestRunner.run(TestRunner.java:610) [testng-6.10.jar:?]
	at org.testng.SuiteRunner.runTest(SuiteRunner.java:387) [testng-6.10.jar:?]
	at org.testng.SuiteRunner.runSequentially(SuiteRunner.java:382) [testng-6.10.jar:?]
	at org.testng.SuiteRunner.privateRun(SuiteRunner.java:340) [testng-6.10.jar:?]
	at org.testng.SuiteRunner.run(SuiteRunner.java:289) [testng-6.10.jar:?]
	at org.testng.SuiteRunnerWorker.runSuite(SuiteRunnerWorker.java:52) [testng-6.10.jar:?]
	at org.testng.SuiteRunnerWorker.run(SuiteRunnerWorker.java:86) [testng-6.10.jar:?]
	at org.testng.TestNG.runSuitesSequentially(TestNG.java:1293) [testng-6.10.jar:?]
	at org.testng.TestNG.runSuitesLocally(TestNG.java:1218) [testng-6.10.jar:?]
	at org.testng.TestNG.runSuites(TestNG.java:1133) [testng-6.10.jar:?]
	at org.testng.TestNG.run(TestNG.java:1104) [testng-6.10.jar:?]
	at org.apache.maven.surefire.testng.TestNGExecutor.run(TestNGExecutor.java:295) [surefire-testng-2.18.1.jar:2.18.1]
	at org.apache.maven.surefire.testng.TestNGXmlTestSuite.execute(TestNGXmlTestSuite.java:84) [surefire-testng-2.18.1.jar:2.18.1]
	at org.apache.maven.surefire.testng.TestNGProvider.invoke(TestNGProvider.java:90) [surefire-testng-2.18.1.jar:2.18.1]
	at org.apache.maven.surefire.booter.ForkedBooter.invokeProviderInSameClassLoader(ForkedBooter.java:203) [surefire-booter-2.18.1.jar:2.18.1]
	at org.apache.maven.surefire.booter.ForkedBooter.runSuitesInProcess(ForkedBooter.java:155) [surefire-booter-2.18.1.jar:2.18.1]
	at org.apache.maven.surefire.booter.ForkedBooter.main(ForkedBooter.java:103) [surefire-booter-2.18.1.jar:2.18.1]
16:22:56  [ERROR] : java.lang.NullPointerException
java.lang.NullPointerException: null
	at com.testing.UI.DataDrivenOfWeb.click(DataDrivenOfWeb.java:133) [classes/:?]
	at sun.reflect.NativeMethodAccessorImpl.invoke0(Native Method) ~[?:1.8.0_171]
	at sun.reflect.NativeMethodAccessorImpl.invoke(NativeMethodAccessorImpl.java:62) ~[?:1.8.0_171]
	at sun.reflect.DelegatingMethodAccessorImpl.invoke(DelegatingMethodAccessorImpl.java:43) ~[?:1.8.0_171]
	at java.lang.reflect.Method.invoke(Method.java:498) ~[?:1.8.0_171]
	at com.testing.allureTest.dataDriven.runUIWithInvoke(dataDriven.java:65) [test-classes/:?]
	at com.testing.allureTest.dataDriven.f(dataDriven.java:30) [test-classes/:?]
	at sun.reflect.GeneratedMethodAccessor2.invoke(Unknown Source) ~[?:?]
	at sun.reflect.DelegatingMethodAccessorImpl.invoke(DelegatingMethodAccessorImpl.java:43) ~[?:1.8.0_171]
	at java.lang.reflect.Method.invoke(Method.java:498) ~[?:1.8.0_171]
	at org.testng.internal.MethodInvocationHelper.invokeMethod(MethodInvocationHelper.java:104) [testng-6.10.jar:?]
	at org.testng.internal.Invoker.invokeMethod(Invoker.java:645) [testng-6.10.jar:?]
	at org.testng.internal.Invoker.invokeTestMethod(Invoker.java:851) [testng-6.10.jar:?]
	at org.testng.internal.Invoker.invokeTestMethods(Invoker.java:1177) [testng-6.10.jar:?]
	at org.testng.internal.TestMethodWorker.invokeTestMethods(TestMethodWorker.java:129) [testng-6.10.jar:?]
	at org.testng.internal.TestMethodWorker.run(TestMethodWorker.java:112) [testng-6.10.jar:?]
	at org.testng.TestRunner.privateRun(TestRunner.java:756) [testng-6.10.jar:?]
	at org.testng.TestRunner.run(TestRunner.java:610) [testng-6.10.jar:?]
	at org.testng.SuiteRunner.runTest(SuiteRunner.java:387) [testng-6.10.jar:?]
	at org.testng.SuiteRunner.runSequentially(SuiteRunner.java:382) [testng-6.10.jar:?]
	at org.testng.SuiteRunner.privateRun(SuiteRunner.java:340) [testng-6.10.jar:?]
	at org.testng.SuiteRunner.run(SuiteRunner.java:289) [testng-6.10.jar:?]
	at org.testng.SuiteRunnerWorker.runSuite(SuiteRunnerWorker.java:52) [testng-6.10.jar:?]
	at org.testng.SuiteRunnerWorker.run(SuiteRunnerWorker.java:86) [testng-6.10.jar:?]
	at org.testng.TestNG.runSuitesSequentially(TestNG.java:1293) [testng-6.10.jar:?]
	at org.testng.TestNG.runSuitesLocally(TestNG.java:1218) [testng-6.10.jar:?]
	at org.testng.TestNG.runSuites(TestNG.java:1133) [testng-6.10.jar:?]
	at org.testng.TestNG.run(TestNG.java:1104) [testng-6.10.jar:?]
	at org.apache.maven.surefire.testng.TestNGExecutor.run(TestNGExecutor.java:295) [surefire-testng-2.18.1.jar:2.18.1]
	at org.apache.maven.surefire.testng.TestNGXmlTestSuite.execute(TestNGXmlTestSuite.java:84) [surefire-testng-2.18.1.jar:2.18.1]
	at org.apache.maven.surefire.testng.TestNGProvider.invoke(TestNGProvider.java:90) [surefire-testng-2.18.1.jar:2.18.1]
	at org.apache.maven.surefire.booter.ForkedBooter.invokeProviderInSameClassLoader(ForkedBooter.java:203) [surefire-booter-2.18.1.jar:2.18.1]
	at org.apache.maven.surefire.booter.ForkedBooter.runSuitesInProcess(ForkedBooter.java:155) [surefire-booter-2.18.1.jar:2.18.1]
	at org.apache.maven.surefire.booter.ForkedBooter.main(ForkedBooter.java:103) [surefire-booter-2.18.1.jar:2.18.1]
16:22:56  [ERROR] : java.lang.NullPointerException
java.lang.NullPointerException: null
	at com.testing.UI.DataDrivenOfWeb.explicitlyWait(DataDrivenOfWeb.java:172) [classes/:?]
	at com.testing.UI.DataDrivenOfWeb.click(DataDrivenOfWeb.java:128) [classes/:?]
	at sun.reflect.NativeMethodAccessorImpl.invoke0(Native Method) ~[?:1.8.0_171]
	at sun.reflect.NativeMethodAccessorImpl.invoke(NativeMethodAccessorImpl.java:62) ~[?:1.8.0_171]
	at sun.reflect.DelegatingMethodAccessorImpl.invoke(DelegatingMethodAccessorImpl.java:43) ~[?:1.8.0_171]
	at java.lang.reflect.Method.invoke(Method.java:498) ~[?:1.8.0_171]
	at com.testing.allureTest.dataDriven.runUIWithInvoke(dataDriven.java:65) [test-classes/:?]
	at com.testing.allureTest.dataDriven.f(dataDriven.java:30) [test-classes/:?]
	at sun.reflect.GeneratedMethodAccessor2.invoke(Unknown Source) ~[?:?]
	at sun.reflect.DelegatingMethodAccessorImpl.invoke(DelegatingMethodAccessorImpl.java:43) ~[?:1.8.0_171]
	at java.lang.reflect.Method.invoke(Method.java:498) ~[?:1.8.0_171]
	at org.testng.internal.MethodInvocationHelper.invokeMethod(MethodInvocationHelper.java:104) [testng-6.10.jar:?]
	at org.testng.internal.Invoker.invokeMethod(Invoker.java:645) [testng-6.10.jar:?]
	at org.testng.internal.Invoker.invokeTestMethod(Invoker.java:851) [testng-6.10.jar:?]
	at org.testng.internal.Invoker.invokeTestMethods(Invoker.java:1177) [testng-6.10.jar:?]
	at org.testng.internal.TestMethodWorker.invokeTestMethods(TestMethodWorker.java:129) [testng-6.10.jar:?]
	at org.testng.internal.TestMethodWorker.run(TestMethodWorker.java:112) [testng-6.10.jar:?]
	at org.testng.TestRunner.privateRun(TestRunner.java:756) [testng-6.10.jar:?]
	at org.testng.TestRunner.run(TestRunner.java:610) [testng-6.10.jar:?]
	at org.testng.SuiteRunner.runTest(SuiteRunner.java:387) [testng-6.10.jar:?]
	at org.testng.SuiteRunner.runSequentially(SuiteRunner.java:382) [testng-6.10.jar:?]
	at org.testng.SuiteRunner.privateRun(SuiteRunner.java:340) [testng-6.10.jar:?]
	at org.testng.SuiteRunner.run(SuiteRunner.java:289) [testng-6.10.jar:?]
	at org.testng.SuiteRunnerWorker.runSuite(SuiteRunnerWorker.java:52) [testng-6.10.jar:?]
	at org.testng.SuiteRunnerWorker.run(SuiteRunnerWorker.java:86) [testng-6.10.jar:?]
	at org.testng.TestNG.runSuitesSequentially(TestNG.java:1293) [testng-6.10.jar:?]
	at org.testng.TestNG.runSuitesLocally(TestNG.java:1218) [testng-6.10.jar:?]
	at org.testng.TestNG.runSuites(TestNG.java:1133) [testng-6.10.jar:?]
	at org.testng.TestNG.run(TestNG.java:1104) [testng-6.10.jar:?]
	at org.apache.maven.surefire.testng.TestNGExecutor.run(TestNGExecutor.java:295) [surefire-testng-2.18.1.jar:2.18.1]
	at org.apache.maven.surefire.testng.TestNGXmlTestSuite.execute(TestNGXmlTestSuite.java:84) [surefire-testng-2.18.1.jar:2.18.1]
	at org.apache.maven.surefire.testng.TestNGProvider.invoke(TestNGProvider.java:90) [surefire-testng-2.18.1.jar:2.18.1]
	at org.apache.maven.surefire.booter.ForkedBooter.invokeProviderInSameClassLoader(ForkedBooter.java:203) [surefire-booter-2.18.1.jar:2.18.1]
	at org.apache.maven.surefire.booter.ForkedBooter.runSuitesInProcess(ForkedBooter.java:155) [surefire-booter-2.18.1.jar:2.18.1]
	at org.apache.maven.surefire.booter.ForkedBooter.main(ForkedBooter.java:103) [surefire-booter-2.18.1.jar:2.18.1]
16:22:56  [ERROR] : java.lang.NullPointerException
java.lang.NullPointerException: null
	at com.testing.UI.DataDrivenOfWeb.click(DataDrivenOfWeb.java:133) [classes/:?]
	at sun.reflect.NativeMethodAccessorImpl.invoke0(Native Method) ~[?:1.8.0_171]
	at sun.reflect.NativeMethodAccessorImpl.invoke(NativeMethodAccessorImpl.java:62) ~[?:1.8.0_171]
	at sun.reflect.DelegatingMethodAccessorImpl.invoke(DelegatingMethodAccessorImpl.java:43) ~[?:1.8.0_171]
	at java.lang.reflect.Method.invoke(Method.java:498) ~[?:1.8.0_171]
	at com.testing.allureTest.dataDriven.runUIWithInvoke(dataDriven.java:65) [test-classes/:?]
	at com.testing.allureTest.dataDriven.f(dataDriven.java:30) [test-classes/:?]
	at sun.reflect.GeneratedMethodAccessor2.invoke(Unknown Source) ~[?:?]
	at sun.reflect.DelegatingMethodAccessorImpl.invoke(DelegatingMethodAccessorImpl.java:43) ~[?:1.8.0_171]
	at java.lang.reflect.Method.invoke(Method.java:498) ~[?:1.8.0_171]
	at org.testng.internal.MethodInvocationHelper.invokeMethod(MethodInvocationHelper.java:104) [testng-6.10.jar:?]
	at org.testng.internal.Invoker.invokeMethod(Invoker.java:645) [testng-6.10.jar:?]
	at org.testng.internal.Invoker.invokeTestMethod(Invoker.java:851) [testng-6.10.jar:?]
	at org.testng.internal.Invoker.invokeTestMethods(Invoker.java:1177) [testng-6.10.jar:?]
	at org.testng.internal.TestMethodWorker.invokeTestMethods(TestMethodWorker.java:129) [testng-6.10.jar:?]
	at org.testng.internal.TestMethodWorker.run(TestMethodWorker.java:112) [testng-6.10.jar:?]
	at org.testng.TestRunner.privateRun(TestRunner.java:756) [testng-6.10.jar:?]
	at org.testng.TestRunner.run(TestRunner.java:610) [testng-6.10.jar:?]
	at org.testng.SuiteRunner.runTest(SuiteRunner.java:387) [testng-6.10.jar:?]
	at org.testng.SuiteRunner.runSequentially(SuiteRunner.java:382) [testng-6.10.jar:?]
	at org.testng.SuiteRunner.privateRun(SuiteRunner.java:340) [testng-6.10.jar:?]
	at org.testng.SuiteRunner.run(SuiteRunner.java:289) [testng-6.10.jar:?]
	at org.testng.SuiteRunnerWorker.runSuite(SuiteRunnerWorker.java:52) [testng-6.10.jar:?]
	at org.testng.SuiteRunnerWorker.run(SuiteRunnerWorker.java:86) [testng-6.10.jar:?]
	at org.testng.TestNG.runSuitesSequentially(TestNG.java:1293) [testng-6.10.jar:?]
	at org.testng.TestNG.runSuitesLocally(TestNG.java:1218) [testng-6.10.jar:?]
	at org.testng.TestNG.runSuites(TestNG.java:1133) [testng-6.10.jar:?]
	at org.testng.TestNG.run(TestNG.java:1104) [testng-6.10.jar:?]
	at org.apache.maven.surefire.testng.TestNGExecutor.run(TestNGExecutor.java:295) [surefire-testng-2.18.1.jar:2.18.1]
	at org.apache.maven.surefire.testng.TestNGXmlTestSuite.execute(TestNGXmlTestSuite.java:84) [surefire-testng-2.18.1.jar:2.18.1]
	at org.apache.maven.surefire.testng.TestNGProvider.invoke(TestNGProvider.java:90) [surefire-testng-2.18.1.jar:2.18.1]
	at org.apache.maven.surefire.booter.ForkedBooter.invokeProviderInSameClassLoader(ForkedBooter.java:203) [surefire-booter-2.18.1.jar:2.18.1]
	at org.apache.maven.surefire.booter.ForkedBooter.runSuitesInProcess(ForkedBooter.java:155) [surefire-booter-2.18.1.jar:2.18.1]
	at org.apache.maven.surefire.booter.ForkedBooter.main(ForkedBooter.java:103) [surefire-booter-2.18.1.jar:2.18.1]
16:22:56  [ERROR] : java.lang.NullPointerException
java.lang.NullPointerException: null
	at com.testing.UI.DataDrivenOfWeb.explicitlyWait(DataDrivenOfWeb.java:172) [classes/:?]
	at com.testing.UI.DataDrivenOfWeb.click(DataDrivenOfWeb.java:128) [classes/:?]
	at sun.reflect.NativeMethodAccessorImpl.invoke0(Native Method) ~[?:1.8.0_171]
	at sun.reflect.NativeMethodAccessorImpl.invoke(NativeMethodAccessorImpl.java:62) ~[?:1.8.0_171]
	at sun.reflect.DelegatingMethodAccessorImpl.invoke(DelegatingMethodAccessorImpl.java:43) ~[?:1.8.0_171]
	at java.lang.reflect.Method.invoke(Method.java:498) ~[?:1.8.0_171]
	at com.testing.allureTest.dataDriven.runUIWithInvoke(dataDriven.java:65) [test-classes/:?]
	at com.testing.allureTest.dataDriven.f(dataDriven.java:30) [test-classes/:?]
	at sun.reflect.GeneratedMethodAccessor2.invoke(Unknown Source) ~[?:?]
	at sun.reflect.DelegatingMethodAccessorImpl.invoke(DelegatingMethodAccessorImpl.java:43) ~[?:1.8.0_171]
	at java.lang.reflect.Method.invoke(Method.java:498) ~[?:1.8.0_171]
	at org.testng.internal.MethodInvocationHelper.invokeMethod(MethodInvocationHelper.java:104) [testng-6.10.jar:?]
	at org.testng.internal.Invoker.invokeMethod(Invoker.java:645) [testng-6.10.jar:?]
	at org.testng.internal.Invoker.invokeTestMethod(Invoker.java:851) [testng-6.10.jar:?]
	at org.testng.internal.Invoker.invokeTestMethods(Invoker.java:1177) [testng-6.10.jar:?]
	at org.testng.internal.TestMethodWorker.invokeTestMethods(TestMethodWorker.java:129) [testng-6.10.jar:?]
	at org.testng.internal.TestMethodWorker.run(TestMethodWorker.java:112) [testng-6.10.jar:?]
	at org.testng.TestRunner.privateRun(TestRunner.java:756) [testng-6.10.jar:?]
	at org.testng.TestRunner.run(TestRunner.java:610) [testng-6.10.jar:?]
	at org.testng.SuiteRunner.runTest(SuiteRunner.java:387) [testng-6.10.jar:?]
	at org.testng.SuiteRunner.runSequentially(SuiteRunner.java:382) [testng-6.10.jar:?]
	at org.testng.SuiteRunner.privateRun(SuiteRunner.java:340) [testng-6.10.jar:?]
	at org.testng.SuiteRunner.run(SuiteRunner.java:289) [testng-6.10.jar:?]
	at org.testng.SuiteRunnerWorker.runSuite(SuiteRunnerWorker.java:52) [testng-6.10.jar:?]
	at org.testng.SuiteRunnerWorker.run(SuiteRunnerWorker.java:86) [testng-6.10.jar:?]
	at org.testng.TestNG.runSuitesSequentially(TestNG.java:1293) [testng-6.10.jar:?]
	at org.testng.TestNG.runSuitesLocally(TestNG.java:1218) [testng-6.10.jar:?]
	at org.testng.TestNG.runSuites(TestNG.java:1133) [testng-6.10.jar:?]
	at org.testng.TestNG.run(TestNG.java:1104) [testng-6.10.jar:?]
	at org.apache.maven.surefire.testng.TestNGExecutor.run(TestNGExecutor.java:295) [surefire-testng-2.18.1.jar:2.18.1]
	at org.apache.maven.surefire.testng.TestNGXmlTestSuite.execute(TestNGXmlTestSuite.java:84) [surefire-testng-2.18.1.jar:2.18.1]
	at org.apache.maven.surefire.testng.TestNGProvider.invoke(TestNGProvider.java:90) [surefire-testng-2.18.1.jar:2.18.1]
	at org.apache.maven.surefire.booter.ForkedBooter.invokeProviderInSameClassLoader(ForkedBooter.java:203) [surefire-booter-2.18.1.jar:2.18.1]
	at org.apache.maven.surefire.booter.ForkedBooter.runSuitesInProcess(ForkedBooter.java:155) [surefire-booter-2.18.1.jar:2.18.1]
	at org.apache.maven.surefire.booter.ForkedBooter.main(ForkedBooter.java:103) [surefire-booter-2.18.1.jar:2.18.1]
16:22:56  [ERROR] : java.lang.NullPointerException
java.lang.NullPointerException: null
	at com.testing.UI.DataDrivenOfWeb.click(DataDrivenOfWeb.java:133) [classes/:?]
	at sun.reflect.NativeMethodAccessorImpl.invoke0(Native Method) ~[?:1.8.0_171]
	at sun.reflect.NativeMethodAccessorImpl.invoke(NativeMethodAccessorImpl.java:62) ~[?:1.8.0_171]
	at sun.reflect.DelegatingMethodAccessorImpl.invoke(DelegatingMethodAccessorImpl.java:43) ~[?:1.8.0_171]
	at java.lang.reflect.Method.invoke(Method.java:498) ~[?:1.8.0_171]
	at com.testing.allureTest.dataDriven.runUIWithInvoke(dataDriven.java:65) [test-classes/:?]
	at com.testing.allureTest.dataDriven.f(dataDriven.java:30) [test-classes/:?]
	at sun.reflect.GeneratedMethodAccessor2.invoke(Unknown Source) ~[?:?]
	at sun.reflect.DelegatingMethodAccessorImpl.invoke(DelegatingMethodAccessorImpl.java:43) ~[?:1.8.0_171]
	at java.lang.reflect.Method.invoke(Method.java:498) ~[?:1.8.0_171]
	at org.testng.internal.MethodInvocationHelper.invokeMethod(MethodInvocationHelper.java:104) [testng-6.10.jar:?]
	at org.testng.internal.Invoker.invokeMethod(Invoker.java:645) [testng-6.10.jar:?]
	at org.testng.internal.Invoker.invokeTestMethod(Invoker.java:851) [testng-6.10.jar:?]
	at org.testng.internal.Invoker.invokeTestMethods(Invoker.java:1177) [testng-6.10.jar:?]
	at org.testng.internal.TestMethodWorker.invokeTestMethods(TestMethodWorker.java:129) [testng-6.10.jar:?]
	at org.testng.internal.TestMethodWorker.run(TestMethodWorker.java:112) [testng-6.10.jar:?]
	at org.testng.TestRunner.privateRun(TestRunner.java:756) [testng-6.10.jar:?]
	at org.testng.TestRunner.run(TestRunner.java:610) [testng-6.10.jar:?]
	at org.testng.SuiteRunner.runTest(SuiteRunner.java:387) [testng-6.10.jar:?]
	at org.testng.SuiteRunner.runSequentially(SuiteRunner.java:382) [testng-6.10.jar:?]
	at org.testng.SuiteRunner.privateRun(SuiteRunner.java:340) [testng-6.10.jar:?]
	at org.testng.SuiteRunner.run(SuiteRunner.java:289) [testng-6.10.jar:?]
	at org.testng.SuiteRunnerWorker.runSuite(SuiteRunnerWorker.java:52) [testng-6.10.jar:?]
	at org.testng.SuiteRunnerWorker.run(SuiteRunnerWorker.java:86) [testng-6.10.jar:?]
	at org.testng.TestNG.runSuitesSequentially(TestNG.java:1293) [testng-6.10.jar:?]
	at org.testng.TestNG.runSuitesLocally(TestNG.java:1218) [testng-6.10.jar:?]
	at org.testng.TestNG.runSuites(TestNG.java:1133) [testng-6.10.jar:?]
	at org.testng.TestNG.run(TestNG.java:1104) [testng-6.10.jar:?]
	at org.apache.maven.surefire.testng.TestNGExecutor.run(TestNGExecutor.java:295) [surefire-testng-2.18.1.jar:2.18.1]
	at org.apache.maven.surefire.testng.TestNGXmlTestSuite.execute(TestNGXmlTestSuite.java:84) [surefire-testng-2.18.1.jar:2.18.1]
	at org.apache.maven.surefire.testng.TestNGProvider.invoke(TestNGProvider.java:90) [surefire-testng-2.18.1.jar:2.18.1]
	at org.apache.maven.surefire.booter.ForkedBooter.invokeProviderInSameClassLoader(ForkedBooter.java:203) [surefire-booter-2.18.1.jar:2.18.1]
	at org.apache.maven.surefire.booter.ForkedBooter.runSuitesInProcess(ForkedBooter.java:155) [surefire-booter-2.18.1.jar:2.18.1]
	at org.apache.maven.surefire.booter.ForkedBooter.main(ForkedBooter.java:103) [surefire-booter-2.18.1.jar:2.18.1]
16:22:56  [ERROR] : java.lang.NullPointerException
java.lang.NullPointerException: null
	at com.testing.UI.DataDrivenOfWeb.closeBrowser(DataDrivenOfWeb.java:202) [classes/:?]
	at sun.reflect.NativeMethodAccessorImpl.invoke0(Native Method) ~[?:1.8.0_171]
	at sun.reflect.NativeMethodAccessorImpl.invoke(NativeMethodAccessorImpl.java:62) ~[?:1.8.0_171]
	at sun.reflect.DelegatingMethodAccessorImpl.invoke(DelegatingMethodAccessorImpl.java:43) ~[?:1.8.0_171]
	at java.lang.reflect.Method.invoke(Method.java:498) ~[?:1.8.0_171]
	at com.testing.allureTest.dataDriven.runUIWithInvoke(dataDriven.java:58) [test-classes/:?]
	at com.testing.allureTest.dataDriven.f(dataDriven.java:30) [test-classes/:?]
	at sun.reflect.GeneratedMethodAccessor2.invoke(Unknown Source) ~[?:?]
	at sun.reflect.DelegatingMethodAccessorImpl.invoke(DelegatingMethodAccessorImpl.java:43) ~[?:1.8.0_171]
	at java.lang.reflect.Method.invoke(Method.java:498) ~[?:1.8.0_171]
	at org.testng.internal.MethodInvocationHelper.invokeMethod(MethodInvocationHelper.java:104) [testng-6.10.jar:?]
	at org.testng.internal.Invoker.invokeMethod(Invoker.java:645) [testng-6.10.jar:?]
	at org.testng.internal.Invoker.invokeTestMethod(Invoker.java:851) [testng-6.10.jar:?]
	at org.testng.internal.Invoker.invokeTestMethods(Invoker.java:1177) [testng-6.10.jar:?]
	at org.testng.internal.TestMethodWorker.invokeTestMethods(TestMethodWorker.java:129) [testng-6.10.jar:?]
	at org.testng.internal.TestMethodWorker.run(TestMethodWorker.java:112) [testng-6.10.jar:?]
	at org.testng.TestRunner.privateRun(TestRunner.java:756) [testng-6.10.jar:?]
	at org.testng.TestRunner.run(TestRunner.java:610) [testng-6.10.jar:?]
	at org.testng.SuiteRunner.runTest(SuiteRunner.java:387) [testng-6.10.jar:?]
	at org.testng.SuiteRunner.runSequentially(SuiteRunner.java:382) [testng-6.10.jar:?]
	at org.testng.SuiteRunner.privateRun(SuiteRunner.java:340) [testng-6.10.jar:?]
	at org.testng.SuiteRunner.run(SuiteRunner.java:289) [testng-6.10.jar:?]
	at org.testng.SuiteRunnerWorker.runSuite(SuiteRunnerWorker.java:52) [testng-6.10.jar:?]
	at org.testng.SuiteRunnerWorker.run(SuiteRunnerWorker.java:86) [testng-6.10.jar:?]
	at org.testng.TestNG.runSuitesSequentially(TestNG.java:1293) [testng-6.10.jar:?]
	at org.testng.TestNG.runSuitesLocally(TestNG.java:1218) [testng-6.10.jar:?]
	at org.testng.TestNG.runSuites(TestNG.java:1133) [testng-6.10.jar:?]
	at org.testng.TestNG.run(TestNG.java:1104) [testng-6.10.jar:?]
	at org.apache.maven.surefire.testng.TestNGExecutor.run(TestNGExecutor.java:295) [surefire-testng-2.18.1.jar:2.18.1]
	at org.apache.maven.surefire.testng.TestNGXmlTestSuite.execute(TestNGXmlTestSuite.java:84) [surefire-testng-2.18.1.jar:2.18.1]
	at org.apache.maven.surefire.testng.TestNGProvider.invoke(TestNGProvider.java:90) [surefire-testng-2.18.1.jar:2.18.1]
	at org.apache.maven.surefire.booter.ForkedBooter.invokeProviderInSameClassLoader(ForkedBooter.java:203) [surefire-booter-2.18.1.jar:2.18.1]
	at org.apache.maven.surefire.booter.ForkedBooter.runSuitesInProcess(ForkedBooter.java:155) [surefire-booter-2.18.1.jar:2.18.1]
	at org.apache.maven.surefire.booter.ForkedBooter.main(ForkedBooter.java:103) [surefire-booter-2.18.1.jar:2.18.1]
